/var/spool/slurmd/job23148859/slurm_script: line 9: source: /home/gridsan/jsass/.conda/envs/openmm_env: is a directory
#"Step","Potential Energy (kJ/mole)","Temperature (K)"
100000,-860120.1022449359,298.0657810980488
200000,-861472.8522449359,297.88811153558663
300000,-863852.1022449359,299.44872209216027
400000,-863368.6022449359,300.33926368087765
500000,-862336.1022449359,300.1141239513992
600000,-861513.6022449359,301.5374339136932
700000,-863164.6022449359,300.3824252684337
800000,-862097.8522449359,302.29128597300723
900000,-861551.6022449359,300.78806455897296
1000000,-862141.6022449359,301.714821376294
1100000,-862702.1022449359,300.38902556670934
1200000,-862648.1022449359,301.9267127649322
1300000,-864179.1022449359,299.67828427229307
1400000,-864084.6022449359,299.38983360456166
1500000,-862875.6022449359,300.0078416370666
1600000,-863321.3522449359,300.49709170900377
1700000,-862878.1022449359,300.5853186184763
1800000,-862558.8522449359,299.9431978675605
1900000,-862043.3522449359,297.27910599141745
2000000,-863426.6022449359,299.74526507406
2100000,-862938.6022449359,299.51555963419503
2200000,-862367.8522449359,299.7069820076145
2300000,-860695.3522449359,300.3232720615828
2400000,-863370.1022449359,301.3292844447611
2500000,-862455.8522449359,299.236138888041
2600000,-862458.6022449359,299.21786313791864
2700000,-862531.1022449359,302.02607191197905
2800000,-861521.6022449359,299.5326570220892
2900000,-863079.6022449359,298.62974870817845
3000000,-862295.1022449359,300.54445356191644
3100000,-863335.3522449359,300.6418529444963
3200000,-860586.6022449359,300.2320113037166
3300000,-862758.3522449359,300.6096601876686
3400000,-861843.3522449359,302.3698201312579
3500000,-861806.8522449359,301.1129707651236
3600000,-862764.1022449359,300.68962150455826
3700000,-862611.1022449359,301.6491918455901
3800000,-862881.6022449359,302.3182907006087
3900000,-863471.6022449359,301.02759774205305
4000000,-863469.8522449359,300.4737266201629
4100000,-863769.8522449359,298.9929347597122
4200000,-864174.1022449359,298.30597528761723
4300000,-862465.1022449359,301.450405259179
4400000,-862579.1022449359,300.05055678590213
4500000,-862171.6022449359,297.4367364740779
4600000,-863286.1022449359,298.5253002372968
4700000,-862957.3522449359,301.18650046807574
4800000,-863308.6022449359,300.60694213915986
4900000,-861372.1022449359,299.77478925618715
5000000,-862051.8522449359,298.28684297414486
5100000,-863311.3522449359,301.746473879343
5200000,-862869.6022449359,300.02142143377614
5300000,-862776.1022449359,298.92824397834266
5400000,-863759.6022449359,300.5312214169164
5500000,-862834.8522449359,299.4611485580428
5600000,-863240.6022449359,302.22378374717596
5700000,-863911.8522449359,299.39956712095716
5800000,-862099.6022449359,299.2720741461812
5900000,-861857.3522449359,299.7698679928613
6000000,-862040.1022449359,301.02103607887744
6100000,-862969.3522449359,298.82827718127857
6200000,-861920.1022449359,300.99604183345804
6300000,-863603.8522449359,299.84832116932216
6400000,-863780.1022449359,299.7245841548501
6500000,-863357.8522449359,297.9920070085368
6600000,-862840.1022449359,299.06879821282297
6700000,-864967.1022449359,300.16082533519517
6800000,-864051.1022449359,300.2884019255347
6900000,-863996.6022449359,297.23442829452654
7000000,-863398.6022449359,300.06723296510876
7100000,-863924.1022449359,299.40620566228284
7200000,-862417.1022449359,299.2187774827848
7300000,-862642.8522449359,300.9639416104073
7400000,-862696.1022449359,301.10799570080235
7500000,-863302.6022449359,298.2168650959043
7600000,-861397.6022449359,300.41052872968316
7700000,-862947.3522449359,299.85117923152626
7800000,-863550.3522449359,301.4764003499108
7900000,-863198.3522449359,298.53125498401613
8000000,-863420.6022449359,297.8547466053965
8100000,-861368.3522449359,302.4274802992848
8200000,-862776.1022449359,300.19387734066225
8300000,-861986.6022449359,299.0668400621264
8400000,-861131.6022449359,299.812898700543
8500000,-860466.1022449359,301.20489361722684
8600000,-862476.1022449359,300.61864774884066
8700000,-861976.3522449359,299.80438710848387
8800000,-862897.1022449359,299.8928094667328
8900000,-861192.6022449359,301.36887781423144
9000000,-862324.3522449359,299.7176920330499
9100000,-864316.3522449359,299.8342917352594
9200000,-861483.1022449359,301.0906290232807
9300000,-861892.3522449359,299.4892680497895
9400000,-862480.3522449359,300.1644729905415
9500000,-864145.8522449359,297.37394019450807
9600000,-862620.3522449359,298.75945867544107
9700000,-862551.3522449359,299.99726140816307
9800000,-862173.6022449359,301.29751404409205
9900000,-862352.1022449359,300.2411663271767
10000000,-863176.1022449359,301.4729958555933
10100000,-861912.3522449359,301.4639255763406
10200000,-862075.8522449359,299.3370909382631
10300000,-862316.8522449359,299.62810036458836
10400000,-861695.6022449359,301.56196395094383
10500000,-862642.6022449359,301.6872033910521
10600000,-863032.6022449359,298.7367484510211
10700000,-862369.8522449359,302.28094733762754
10800000,-863467.1022449359,298.0240434634001
10900000,-863566.8522449359,300.12173875948497
11000000,-862859.1022449359,299.52593822681945
11100000,-862807.6022449359,300.4684887125802
11200000,-864004.3522449359,300.27948568172945
11300000,-862626.6022449359,298.941072215512
11400000,-862721.6022449359,301.2732460702531
11500000,-863127.6022449359,300.2242643348639
11600000,-862935.3522449359,299.90919441322984
11700000,-863773.1022449359,299.9827955390061
11800000,-863567.1022449359,298.5288436875251
11900000,-863488.3522449359,298.88374726541207
12000000,-863557.1022449359,300.7306201518918
12100000,-861970.3522449359,299.8268886923524
12200000,-861691.1022449359,301.60119607495477
12300000,-862562.6022449359,300.8661787676194
12400000,-862585.1022449359,301.35296120684734
12500000,-861797.6022449359,298.97639207640844
12600000,-862213.6022449359,300.3250099976176
12700000,-862199.6022449359,300.0694124473083
12800000,-862792.8522449359,298.83505689343764
12900000,-863084.1022449359,300.1727423626169
13000000,-861169.6022449359,298.56068466984294
13100000,-862219.1022449359,301.39109451199226
13200000,-861967.6022449359,299.2750541430845
13300000,-862026.1022449359,299.5815301491732
13400000,-863591.6022449359,299.156125539894
13500000,-862964.8522449359,298.3938257485287
13600000,-862071.6022449359,300.0501534243918
13700000,-861083.6022449359,300.6631467887187
13800000,-862279.1022449359,299.54941653421946
13900000,-861046.6022449359,300.6259366896698
14000000,-862154.3522449359,302.55177076921433
14100000,-864138.3522449359,300.3206671056178
14200000,-863196.1022449359,299.64785731793523
14300000,-861638.1022449359,298.6081252506958
14400000,-861740.8522449359,298.49279547129606
14500000,-862278.1022449359,298.8400544854348
14600000,-862292.6022449359,299.37114729696054
14700000,-862933.6022449359,299.8498769693782
14800000,-863445.6022449359,300.5628184627284
14900000,-862541.8522449359,301.2555817022443
15000000,-862480.1022449359,299.3641703411426
15100000,-864096.3522449359,299.54647010446985
15200000,-861703.1022449359,299.9153119154547
15300000,-861932.6022449359,300.76268907601354
15400000,-864514.1022449359,300.86001328459196
15500000,-863623.1022449359,299.72644342364396
15600000,-863489.6022449359,299.11092134140245
15700000,-863951.1022449359,298.1438557839517
15800000,-861808.3522449359,300.7300619461271
15900000,-861596.3522449359,301.69663799578154
16000000,-863096.1022449359,298.65898312440555
16100000,-861579.6022449359,299.89603448605317
16200000,-862796.6022449359,299.39495993602173
16300000,-862865.1022449359,300.66837881728554
16400000,-861511.3522449359,299.57042283477716
16500000,-862817.6022449359,301.3263905163807
16600000,-862160.6022449359,300.18359593080265
16700000,-863451.8522449359,299.9602845514374
16800000,-862457.1022449359,299.22632884467515
16900000,-860663.1022449359,302.45020995633587
17000000,-863455.6022449359,300.55165962843455
17100000,-862885.1022449359,300.9922874000921
17200000,-862799.1022449359,301.93388812829903
17300000,-862684.1022449359,297.957673792391
17400000,-863252.6022449359,301.514067494156
17500000,-862681.1022449359,299.20783777026026
17600000,-861896.1022449359,299.02046151445103
17700000,-862094.6022449359,301.0723781570802
17800000,-863139.1022449359,301.40694951463814
17900000,-861141.8522449359,297.3949102174757
18000000,-861264.6022449359,298.86191398290737
18100000,-862981.6022449359,299.2689699451669
18200000,-861399.1022449359,301.57462010072675
18300000,-862479.6022449359,300.3726755257094
18400000,-863143.1022449359,300.6953560614937
18500000,-862806.1022449359,299.83349410750986
18600000,-864450.1022449359,299.81061832840936
18700000,-862716.1022449359,300.0094643267855
18800000,-862370.6022449359,299.944664761362
18900000,-862070.6022449359,299.99050745721576
19000000,-862505.8522449359,298.5669771564032
19100000,-863953.1022449359,301.49978516232994
19200000,-862447.1022449359,297.79653802602314
19300000,-863956.1022449359,297.8239177809758
19400000,-863828.1022449359,300.75068223170706
19500000,-862289.8522449359,299.8105351343338
19600000,-861693.6022449359,299.47604117972014
19700000,-862665.3522449359,298.5907304159158
19800000,-863965.1022449359,298.12664162393554
19900000,-863885.1022449359,301.04147362849096
20000000,-864115.1022449359,299.481490767734
20100000,-863115.1022449359,301.2272223571503
20200000,-862099.6022449359,300.03323277583166
20300000,-862790.1022449359,300.7560216227848
20400000,-861356.1022449359,298.52537424014764
20500000,-862896.3522449359,300.2519121907135
20600000,-861803.3522449359,302.4945878870785
20700000,-861393.1022449359,300.31519736694116
20800000,-864226.1022449359,299.6434193937896
20900000,-862308.1022449359,300.64498818854344
21000000,-860367.1022449359,299.06386555402094
21100000,-862959.6022449359,298.26114451049585
21200000,-861253.6022449359,300.9920469552415
21300000,-863004.1022449359,301.0829616919473
21400000,-863210.1022449359,300.0257046798615
21500000,-860567.8522449359,298.12541050763446
21600000,-862559.6022449359,300.3584992082993
21700000,-863216.6022449359,298.58297748871547
21800000,-864191.8522449359,300.68047352261874
21900000,-863920.3522449359,299.8474167693873
22000000,-862719.6022449359,301.5274363617093
22100000,-861734.6022449359,298.91147331801704
22200000,-863111.3522449359,300.91959888429517
22300000,-861698.1022449359,301.52489979213294
22400000,-862029.3522449359,299.1255425063519
22500000,-863133.6022449359,301.710761958958
22600000,-863627.3522449359,300.2108112925295
22700000,-862189.6022449359,300.5298740322309
22800000,-863182.1022449359,299.9370535104662
22900000,-864604.3522449359,299.182351328475
23000000,-862939.1022449359,299.890758146811
23100000,-861701.6022449359,299.8679481078118
23200000,-863247.1022449359,300.71262988000404
23300000,-864753.1022449359,300.7067190581333
23400000,-862471.6022449359,302.155605221736
23500000,-863204.1022449359,300.5642044749603
23600000,-863163.1022449359,299.3548984823983
23700000,-861514.6022449359,299.04011525376734
23800000,-862414.6022449359,300.80417961161993
23900000,-862083.6022449359,300.97155131048163
24000000,-861986.6022449359,300.3271977825091
24100000,-861876.3522449359,300.1364792925279
24200000,-863041.3522449359,300.802738158252
24300000,-862893.3522449359,300.35458876193127
24400000,-863100.3522449359,299.38084841766096
24500000,-863230.1022449359,300.3938298381119
24600000,-864300.3522449359,300.4921761481384
24700000,-864101.1022449359,300.7406670541533
24800000,-863010.1022449359,302.99134500209186
24900000,-862538.6022449359,300.9481849552406
25000000,-861654.1022449359,299.82484198315035
25100000,-862462.8522449359,299.7279938847065
25200000,-862497.6022449359,297.6294275506463
25300000,-862362.1022449359,299.8279896006759
25400000,-862954.8522449359,298.709586998498
25500000,-863887.3522449359,298.29837757142775
25600000,-862472.6022449359,301.1566898320627
25700000,-862597.3522449359,300.012588783452
25800000,-863200.1022449359,299.55368232461586
25900000,-862107.8522449359,299.5452687364986
26000000,-861806.3522449359,301.0449197138529
26100000,-862665.6022449359,300.765299102977
26200000,-862917.8522449359,302.98362529151035
26300000,-864124.1022449359,300.101041628211
26400000,-862935.3522449359,300.21417858504407
26500000,-863513.3522449359,302.27376350760613
26600000,-861910.8522449359,301.56728254703165
26700000,-862135.1022449359,300.03721947964397
26800000,-861029.6022449359,299.9738994884483
26900000,-862940.1022449359,300.63419477044187
27000000,-862883.1022449359,300.0630259047433
27100000,-862647.6022449359,301.0326260098385
27200000,-862610.1022449359,299.67716262374523
27300000,-861941.3522449359,299.17212803012893
27400000,-861335.8522449359,299.9886573218886
27500000,-863376.1022449359,298.10222680052846
27600000,-863518.1022449359,300.4342446345922
27700000,-864040.6022449359,301.5186882430152
27800000,-861345.6022449359,299.19049109185414
27900000,-863927.1022449359,301.84018572768105
28000000,-862904.8522449359,299.69446424860956
28100000,-862772.3522449359,300.6419609640774
28200000,-861808.1022449359,300.0393378375415
28300000,-863180.6022449359,301.2821234594902
28400000,-863322.1022449359,301.7908948589143
28500000,-861459.8522449359,300.74383805430796
28600000,-862613.1022449359,299.61459812563425
28700000,-864240.6022449359,302.2732023750941
28800000,-861510.3522449359,299.3880627566329
28900000,-863418.6022449359,299.76930882713987
29000000,-864040.1022449359,300.53067094491297
29100000,-864274.1022449359,298.02219782968075
29200000,-863524.6022449359,299.09477089929624
29300000,-863160.6022449359,300.63835840314994
29400000,-862433.8522449359,299.71001233766356
29500000,-863925.6022449359,299.7867279651126
29600000,-862565.3522449359,302.7327782105724
29700000,-862595.3522449359,299.4946627776358
29800000,-862737.3522449359,299.56624200062186
29900000,-862358.8522449359,300.5995748090776
30000000,-863759.1022449359,299.60798158311513
30100000,-861620.8522449359,301.07624035495
30200000,-863346.1022449359,300.1763966002555
30300000,-862581.1022449359,298.37417993634807
30400000,-863509.1022449359,300.97326571244275
30500000,-861606.3522449359,300.2970033067578
30600000,-862261.6022449359,302.16991312760297
30700000,-862868.6022449359,300.2584138965999
30800000,-862966.1022449359,300.8795151304339
30900000,-862795.3522449359,301.25655553518203
31000000,-862088.6022449359,299.2261684521919
31100000,-862742.8522449359,299.5648294427138
31200000,-863520.1022449359,300.05726492159596
31300000,-862813.3522449359,300.0036243627265
31400000,-862123.6022449359,300.4518122574404
31500000,-862739.1022449359,301.6529622015385
31600000,-863017.1022449359,298.4563518115218
31700000,-863003.1022449359,300.58410675671644
31800000,-861852.6022449359,302.97350539411985
31900000,-863191.1022449359,300.10816553041576
32000000,-863770.6022449359,301.1419691521505
32100000,-862662.1022449359,300.7398208569966
32200000,-861728.1022449359,299.77673493364955
32300000,-862853.1022449359,303.0312760828519
32400000,-863918.6022449359,300.08439724075924
32500000,-862344.8522449359,301.74424390100455
32600000,-862973.1022449359,298.85553617525596
32700000,-861797.1022449359,299.4647574122597
32800000,-863192.3522449359,299.6832084487975
32900000,-863323.6022449359,299.04351806652534
33000000,-862050.3522449359,300.1965410084815
33100000,-861990.3522449359,301.6711941496699
33200000,-862881.1022449359,301.43050126930507
33300000,-862768.8522449359,298.9534071025901
33400000,-861653.6022449359,300.78235706287217
33500000,-863107.6022449359,299.19702670733864
33600000,-862006.6022449359,300.7849894244751
33700000,-863385.6022449359,300.20859692687696
33800000,-862158.1022449359,301.0213827934172
33900000,-862686.1022449359,301.42175833458305
34000000,-864323.3522449359,297.84597166011656
34100000,-861923.1022449359,300.8363740551096
34200000,-863433.6022449359,299.1717943075162
34300000,-862960.1022449359,300.36543926906774
34400000,-863249.1022449359,297.75577113024343
34500000,-862974.1022449359,298.88590056017154
34600000,-862897.3522449359,300.28020124964485
34700000,-863146.6022449359,301.8661600270628
34800000,-862910.1022449359,300.10762815367065
34900000,-862893.1022449359,302.00313279628915
35000000,-861146.6022449359,299.23796944370594
35100000,-861664.6022449359,300.1090538001037
35200000,-864840.3522449359,302.75002090239127
35300000,-862599.3522449359,300.4020743357419
35400000,-863275.1022449359,300.5156527785034
35500000,-862303.8522449359,299.48213296536335
35600000,-861319.6022449359,297.7588753302032
35700000,-862512.6022449359,298.78439905074544
35800000,-861354.1022449359,300.129622886043
35900000,-863460.6022449359,298.8813185347746
36000000,-862803.3522449359,297.52945952766163
36100000,-863391.6022449359,300.51867880443547
36200000,-862445.1022449359,299.54851926129214
36300000,-862212.3522449359,301.8710407436989
36400000,-863178.3522449359,301.31188796807135
36500000,-861952.6022449359,298.76705035639003
36600000,-864022.3522449359,298.55210576059176
36700000,-863179.1022449359,299.8789804866717
36800000,-863022.8522449359,300.0856774165167
36900000,-863094.1022449359,297.99136100042733
37000000,-861427.1022449359,301.4862771130584
37100000,-862776.1022449359,299.6053705756649
37200000,-862103.6022449359,300.175466577428
37300000,-862107.8522449359,299.9863397406167
37400000,-862486.1022449359,299.9347317085057
37500000,-862562.1022449359,300.3674451668123
37600000,-863209.8522449359,299.24905323309537
37700000,-862567.6022449359,299.74567141092416
37800000,-863058.1022449359,298.9876531212136
37900000,-864060.8522449359,298.7871287296381
38000000,-864050.8522449359,300.5096914429669
38100000,-862792.1022449359,298.64736371553386
38200000,-864004.6022449359,300.13134821715045
38300000,-863757.1022449359,299.96738478882327
38400000,-862167.3522449359,300.12183640290357
38500000,-863381.6022449359,298.96326477843616
38600000,-864205.1022449359,300.79818458669416
38700000,-861734.1022449359,299.8076635019148
38800000,-862566.6022449359,302.7236785244758
38900000,-863018.1022449359,300.1830440068322
39000000,-862599.1022449359,301.5649390858059
39100000,-863457.6022449359,301.30387274989727
39200000,-862309.1022449359,300.8426726071543
39300000,-863096.6022449359,300.2812604939459
39400000,-862954.1022449359,299.71610653933146
39500000,-863274.3522449359,300.66056326995204
39600000,-863751.6022449359,299.57501176449387
39700000,-864091.1022449359,300.0549577909855
39800000,-863771.6022449359,300.3264089326332
39900000,-862996.6022449359,299.45587485839445
40000000,-862812.6022449359,301.5541505080757
40100000,-862517.1022449359,299.53550888824697
40200000,-862052.3522449359,296.6383584346058
40300000,-861256.6022449359,300.7461537042897
40400000,-862844.1022449359,300.51801103695186
40500000,-863250.3522449359,299.9075458758493
40600000,-862858.1022449359,299.828679138489
40700000,-862567.6022449359,300.6323048840759
40800000,-863095.6022449359,300.42668180748996
40900000,-863782.8522449359,301.9958264635039
41000000,-862967.3522449359,300.47264836333153
41100000,-862898.8522449359,299.1968523162637
41200000,-863968.6022449359,300.25805964437143
41300000,-863174.3522449359,299.7400392326432
41400000,-863355.3522449359,300.81657461132073
41500000,-862438.8522449359,300.218606549091
41600000,-862483.3522449359,296.8887992808574
41700000,-863193.3522449359,301.4671135638931
41800000,-862208.6022449359,300.91981060953043
41900000,-863042.8522449359,302.52952407313575
42000000,-863469.1022449359,301.2622351095737
42100000,-861937.8522449359,300.7677734362222
42200000,-862816.8522449359,299.8580064880493
42300000,-862768.3522449359,299.79102003292513
42400000,-862784.3522449359,300.2112654145782
42500000,-862947.6022449359,298.7543333082812
42600000,-861943.8522449359,301.62783612986857
42700000,-863001.6022449359,301.2090360645647
42800000,-862060.6022449359,300.69974031470935
42900000,-861907.3522449359,302.25908360080757
43000000,-861667.6022449359,301.3243288725489
43100000,-861172.1022449359,299.5377216429533
43200000,-862138.1022449359,299.2853182406617
43300000,-861900.6022449359,300.76761374133287
43400000,-861709.6022449359,299.46360633219564
43500000,-864428.1022449359,300.0797964010017
43600000,-863853.1022449359,300.5047722308843
43700000,-863271.8522449359,299.78315256610466
43800000,-862814.1022449359,298.93541126918257
43900000,-863353.6022449359,300.8042359690073
44000000,-862995.6022449359,301.2810029691494
44100000,-862616.6022449359,302.51325271850214
44200000,-862808.6022449359,300.7671717752987
44300000,-863891.3522449359,299.0762218046014
44400000,-863471.8522449359,299.5558196859083
44500000,-861902.1022449359,298.45151298704684
44600000,-863466.8522449359,300.4792976258103
44700000,-862852.3522449359,300.3150153319346
44800000,-862465.1022449359,298.52853502665437
44900000,-861490.1022449359,301.4642052737752
45000000,-861773.6022449359,299.0654498184349
45100000,-862449.6022449359,300.47548571872335
45200000,-862866.8522449359,299.54070357504315
45300000,-861501.8522449359,299.82274225074787
45400000,-862810.3522449359,300.34095975020057
45500000,-862330.8522449359,300.75621173268047
45600000,-861929.1022449359,300.06633166340987
45700000,-862245.1022449359,300.5814138923634
45800000,-863169.1022449359,301.16476305375653
45900000,-862348.1022449359,299.75353999193817
46000000,-864658.6022449359,298.8894975935698
46100000,-861581.1022449359,302.2855302972083
46200000,-863654.6022449359,301.40805895477354
46300000,-863163.6022449359,297.96033062828997
46400000,-864456.8522449359,300.79156969173107
46500000,-862759.1022449359,299.59388146052186
46600000,-862187.1022449359,298.72427295204005
46700000,-862916.1022449359,301.51872175154284
46800000,-862252.8522449359,300.6128134596284
46900000,-863928.6022449359,300.08890396134433
47000000,-862252.1022449359,301.40575361196386
47100000,-863215.3522449359,300.84956260711346
47200000,-863573.1022449359,299.4808718846964
47300000,-863077.6022449359,300.3266320260964
47400000,-861695.1022449359,301.4174340367531
47500000,-862499.1022449359,300.2287159985697
47600000,-862260.6022449359,301.3995870620975
47700000,-861530.6022449359,299.93825709945725
47800000,-863975.6022449359,298.8990199710398
47900000,-863180.1022449359,298.7702673969714
48000000,-864141.6022449359,298.32594980671456
48100000,-862449.1022449359,300.05329734441324
48200000,-862401.1022449359,299.877796272647
48300000,-862304.1022449359,299.72068435577887
48400000,-864272.1022449359,299.1524832404196
48500000,-863411.1022449359,299.888922646784
48600000,-861374.6022449359,298.1924667147665
48700000,-862120.1022449359,299.39288450286836
48800000,-864116.1022449359,299.8072019825057
48900000,-862237.1022449359,301.0902461667762
49000000,-862549.1022449359,301.6559598451406
49100000,-861029.1022449359,301.5176733767007
49200000,-863092.6022449359,300.29321364239917
49300000,-861917.1022449359,302.83150875996637
49400000,-862227.6022449359,301.12051227060823
49500000,-863839.6022449359,301.17890872835386
49600000,-862469.6022449359,298.8366429711626
49700000,-862187.6022449359,300.2761780628718
49800000,-864113.3522449359,301.9852039636699
49900000,-861986.3522449359,302.31207621322477
50000000,-861130.8522449359,301.1363105469113
50100000,-863848.8522449359,298.4530008320131
50200000,-863667.3522449359,302.1953521409887
50300000,-862883.6022449359,300.7649324539631
50400000,-863506.6022449359,299.1661590160612
50500000,-862077.6022449359,300.31153597286044
50600000,-862859.6022449359,302.1537031832121
50700000,-862302.1022449359,299.57582183445805
50800000,-862306.1022449359,300.3628567332694
50900000,-862847.3522449359,297.77682734166746
51000000,-861925.3522449359,300.3948113146045
51100000,-864198.6022449359,301.90799159031553
51200000,-864551.1022449359,299.4584325886718
51300000,-860841.1022449359,298.88049918287953
51400000,-861885.1022449359,299.62351755020416
51500000,-864042.6022449359,298.6990728123913
51600000,-862626.1022449359,299.3638037615883
51700000,-862352.3522449359,300.17970312454116
51800000,-862819.6022449359,300.89647711354
51900000,-864780.1022449359,300.4462863156576
52000000,-863265.6022449359,298.5546140277229
52100000,-863037.1022449359,300.4626492908449
52200000,-862986.6022449359,301.02470669676654
52300000,-863764.1022449359,299.9879390904017
52400000,-862189.6022449359,300.8218297173539
52500000,-861553.6022449359,300.45554824655125
52600000,-862378.8522449359,299.0171624609683
52700000,-862804.1022449359,299.8807217594269
52800000,-863998.8522449359,298.7549846878764
52900000,-862687.6022449359,301.2997548468345
53000000,-863255.1022449359,299.86584283403795
53100000,-862241.1022449359,302.1950060930611
53200000,-862992.6022449359,301.2107933062422
53300000,-864135.6022449359,299.87197226215955
53400000,-861418.1022449359,299.20931471224276
53500000,-863219.1022449359,298.67479126950394
53600000,-861975.1022449359,302.95187970157707
53700000,-861944.3522449359,300.57891276584473
53800000,-861682.8522449359,298.7216672773651
53900000,-861744.1022449359,301.4411126337583
54000000,-861419.1022449359,300.6930309226895
54100000,-860900.3522449359,299.767450225817
54200000,-862288.6022449359,299.6003206083843
54300000,-862509.8522449359,301.44687435700376
54400000,-862733.6022449359,300.11589794029396
54500000,-862745.8522449359,299.0353004353411
54600000,-863371.1022449359,299.96533002078223
54700000,-863678.3522449359,299.6319230757393
54800000,-862126.6022449359,297.4583710825858
54900000,-861211.6022449359,299.68436158592493
55000000,-864191.1022449359,302.0974156592106
55100000,-863853.6022449359,301.080266700433
55200000,-862330.1022449359,300.9109234732005
55300000,-862460.6022449359,300.5375737452528
55400000,-862394.3522449359,300.73008739449597
55500000,-862345.8522449359,299.42459540389257
55600000,-862260.6022449359,299.78027690642864
55700000,-862829.1022449359,299.24452627022185
55800000,-862247.1022449359,300.89843847179316
55900000,-863160.1022449359,301.22112657083875
56000000,-861913.8522449359,300.39634782478294
56100000,-860926.6022449359,300.6090344756779
56200000,-863180.6022449359,297.9763106919387
56300000,-862999.6022449359,299.8450077107163
56400000,-862692.1022449359,301.06423014492805
56500000,-863269.6022449359,299.8996657358148
56600000,-861919.3522449359,303.5549116240846
56700000,-863484.1022449359,300.6175798048858
56800000,-862059.6022449359,299.691325923966
56900000,-862278.6022449359,299.5556837407093
57000000,-864773.1022449359,301.3663470870251
57100000,-860516.6022449359,300.5202371604818
57200000,-862048.6022449359,300.24287411777146
57300000,-863392.1022449359,298.76488828555136
57400000,-863668.1022449359,299.787445473123
57500000,-862719.6022449359,301.4819724528406
57600000,-861880.1022449359,298.0882943691442
57700000,-861794.1022449359,298.16350149016966
57800000,-861250.3522449359,302.76019812132114
57900000,-864138.3522449359,300.25597174998177
58000000,-862026.6022449359,300.33363181764344
58100000,-861438.1022449359,302.0662197290282
58200000,-861654.8522449359,298.64560162861534
58300000,-863014.3522449359,300.78549055439754
58400000,-864258.1022449359,299.9426932533665
58500000,-863573.1022449359,300.7222776530456
58600000,-862059.8522449359,300.05899441094516
58700000,-861452.6022449359,299.3329517007267
58800000,-862599.6022449359,300.1656244229246
58900000,-862862.1022449359,299.41847790890256
59000000,-864314.1022449359,300.56840306086457
59100000,-862113.1022449359,299.81101913957133
59200000,-862224.8522449359,299.2597594986699
59300000,-862386.6022449359,300.24649368897536
59400000,-861766.1022449359,299.29717422645314
59500000,-863720.6022449359,299.33913753318643
59600000,-864052.3522449359,301.22792157298403
59700000,-863363.6022449359,297.8321782741954
59800000,-862204.3522449359,301.07233539955143
59900000,-863296.1022449359,302.31700922144904
60000000,-862790.6022449359,300.01624009357033
60100000,-862342.3522449359,297.8055508313924
60200000,-863063.1022449359,299.04595295356364
60300000,-863210.3522449359,300.01613628368733
60400000,-861208.8522449359,300.6150147638637
60500000,-864089.8522449359,298.9888131147482
60600000,-862107.3522449359,300.3893259079655
60700000,-863595.1022449359,300.47449964225655
60800000,-864554.8522449359,300.5239077061464
60900000,-863706.3522449359,299.57813183696106
61000000,-863274.8522449359,301.20756631263333
61100000,-862154.8522449359,298.55680000381034
61200000,-862195.1022449359,299.8533174650761
61300000,-863046.6022449359,302.39833754057514
61400000,-861839.6022449359,299.07729324381586
61500000,-860520.8522449359,300.748660527728
61600000,-863456.1022449359,302.0157066726509
61700000,-862972.1022449359,300.7107553472873
61800000,-861725.1022449359,301.0198587338856
61900000,-863496.1022449359,298.6819794027625
62000000,-862464.1022449359,299.6903426364405
62100000,-863628.1022449359,300.0256363117493
62200000,-862263.1022449359,300.30791214901524
62300000,-864068.3522449359,300.19086340095134
62400000,-863984.3522449359,299.0519933075254
62500000,-862062.1022449359,300.25465746598246
62600000,-863879.1022449359,301.87851591476135
62700000,-861950.6022449359,299.21627978175263
62800000,-863210.1022449359,301.9774239416534
62900000,-864130.1022449359,300.3260592815297
63000000,-863878.1022449359,302.3875732622158
63100000,-864291.6022449359,300.1002077585941
63200000,-862462.3522449359,301.87609537267406
63300000,-862721.6022449359,300.20332818454807
63400000,-862323.8522449359,302.5790331902125
63500000,-863453.3522449359,300.2616759553415
63600000,-862322.6022449359,299.6664897717737
63700000,-862814.3522449359,300.56772977329337
63800000,-862897.1022449359,299.8719559510969
63900000,-864718.6022449359,299.51598205142545
64000000,-861609.6022449359,300.5913678123442
64100000,-863736.8522449359,298.80902104116103
64200000,-863927.8522449359,300.0733388814674
64300000,-862883.6022449359,300.16293857091057
64400000,-861573.1022449359,299.9934167608237
64500000,-861674.6022449359,299.85553593361567
64600000,-862798.1022449359,300.67855462263293
64700000,-863572.6022449359,296.01753493081173
64800000,-862482.3522449359,297.4102032698056
64900000,-860650.3522449359,297.9462521933186
65000000,-862236.3522449359,299.7599762970173
65100000,-863747.3522449359,299.43225857487613
65200000,-862882.6022449359,299.29604530071845
65300000,-863885.3522449359,298.1361433709631
65400000,-863419.1022449359,299.9149540718072
65500000,-863118.6022449359,299.98207611889734
65600000,-862894.6022449359,300.303296868867
65700000,-862011.1022449359,298.1920648018524
65800000,-860178.1022449359,300.6134577714179
65900000,-863233.1022449359,300.48639779336287
66000000,-861838.6022449359,301.50692875481354
66100000,-862733.1022449359,297.93910742325517
66200000,-863585.6022449359,300.1376745975541
66300000,-863030.6022449359,297.5757962508219
66400000,-862535.6022449359,299.9080238947943
66500000,-864653.1022449359,299.7534821293936
66600000,-863031.6022449359,302.1380777294409
66700000,-863546.6022449359,300.4410324015272
66800000,-861994.6022449359,299.93751147564734
66900000,-862959.6022449359,301.54888894901416
67000000,-862339.6022449359,301.0254947495158
67100000,-863535.1022449359,301.6996537612388
67200000,-862589.8522449359,298.6066345509646
67300000,-863652.3522449359,300.24340723419743
67400000,-861856.6022449359,299.473498775152
67500000,-861665.1022449359,298.7630466021467
67600000,-863712.6022449359,301.0658814012152
67700000,-863645.8522449359,299.85839113108585
67800000,-862133.1022449359,300.1790028667739
67900000,-863130.1022449359,299.677070384391
68000000,-862545.8522449359,299.6427816513113
68100000,-861770.1022449359,299.5833580981821
68200000,-862397.6022449359,300.5595715969917
68300000,-862208.8522449359,301.1456644799566
68400000,-861813.3522449359,299.87811074502986
68500000,-862587.1022449359,298.5338879713145
68600000,-865293.6022449359,299.8584710281495
68700000,-862721.8522449359,301.645024148315
68800000,-864477.6022449359,299.9690461293869
68900000,-863204.8522449359,298.921523233264
69000000,-861136.6022449359,299.8788014042896
69100000,-862863.8522449359,297.2574957114987
69200000,-863320.6022449359,301.28659529527334
69300000,-862383.3522449359,300.16507743596674
69400000,-862806.6022449359,298.01626966808266
69500000,-863244.6022449359,297.6035554705141
69600000,-861185.1022449359,299.0005413236025
69700000,-864214.6022449359,300.50465708676944
69800000,-861427.1022449359,297.9323160249562
69900000,-863457.3522449359,299.0109922947778
70000000,-863526.6022449359,298.42442443295715
70100000,-861929.8522449359,300.36429252267874
70200000,-862217.3522449359,299.20405059919966
70300000,-860319.6022449359,299.3979450771768
70400000,-862947.1022449359,299.7798083787174
70500000,-861761.3522449359,300.04460565062175
70600000,-861806.1022449359,300.8803161700831
70700000,-863529.3522449359,300.2349857495095
70800000,-863607.6022449359,299.3692981240784
70900000,-864037.6022449359,301.39530819715554
71000000,-863458.8522449359,299.7634047000339
71100000,-862738.1022449359,298.6055594084483
71200000,-862887.6022449359,300.4919057719608
71300000,-863348.3522449359,299.2359194376229
71400000,-861386.6022449359,300.68953439040246
71500000,-862455.1022449359,299.604693920246
71600000,-864210.3522449359,298.97901059001197
71700000,-861514.6022449359,299.659699014136
71800000,-862735.1022449359,299.20518656193417
71900000,-862341.6022449359,301.8788643441428
72000000,-864562.6022449359,299.8565252338313
72100000,-864697.6022449359,298.52029521373134
72200000,-864251.3522449359,299.9498502348553
72300000,-864688.3522449359,300.72041687954135
72400000,-862536.6022449359,301.09853662782854
72500000,-862602.6022449359,301.8484323433426
72600000,-863126.6022449359,299.8029115020183
72700000,-862787.3522449359,299.276435256751
72800000,-861752.1022449359,299.2873322511924
72900000,-861629.1022449359,300.9221141491139
73000000,-861847.8522449359,299.38146597850425
73100000,-862297.3522449359,299.69351234113014
73200000,-862846.1022449359,299.61012503599625
73300000,-862718.6022449359,300.65389046350055
73400000,-863942.1022449359,299.62746510937245
73500000,-862286.3522449359,301.20615771220054
73600000,-863054.3522449359,300.56625281788575
73700000,-862663.1022449359,300.4358156078428
73800000,-863510.3522449359,298.42751143125025
73900000,-863804.6022449359,298.87902862952245
74000000,-862140.6022449359,300.3316981688301
74100000,-864455.1022449359,298.36558316933707
74200000,-862248.6022449359,300.73513812632
74300000,-863938.6022449359,299.6090692424101
74400000,-861625.1022449359,300.5858632015183
74500000,-863516.1022449359,299.0320985496316
74600000,-861482.6022449359,299.1041318062683
74700000,-862208.6022449359,300.74590377552784
74800000,-863255.8522449359,298.8602502217471
74900000,-862728.6022449359,299.21962867244577
75000000,-863786.6022449359,300.2688001841971
75100000,-862617.1022449359,300.90673031186543
75200000,-863964.8522449359,303.03122408360986
75300000,-862529.6022449359,300.5875713859252
75400000,-862386.6022449359,300.115998498668
75500000,-861904.3522449359,301.9434705212496
75600000,-863062.6022449359,299.81443198705136
75700000,-861896.3522449359,299.25779572228095
75800000,-862458.6022449359,301.240357995031
75900000,-863390.6022449359,300.0748844283511
76000000,-861699.6022449359,300.1253325468646
76100000,-862324.6022449359,299.36880836343545
76200000,-862884.1022449359,301.04714906422066
76300000,-862220.6022449359,300.91245499435064
76400000,-862487.6022449359,299.5131033404629
76500000,-862332.6022449359,299.9270255587294
76600000,-863379.6022449359,300.205759383415
76700000,-862766.3522449359,301.05726734432517
76800000,-864088.1022449359,298.71380283716377
76900000,-862072.1022449359,300.55595832165346
77000000,-862938.1022449359,299.0851282517093
77100000,-861489.3522449359,300.3614131075644
77200000,-862751.1022449359,301.059635129521
77300000,-863470.3522449359,299.06649203614256
77400000,-863127.1022449359,300.3136586924991
77500000,-862393.1022449359,299.4716570315586
77600000,-862975.1022449359,300.37192086920055
77700000,-863561.1022449359,300.750903628135
77800000,-861816.8522449359,300.9452785895175
77900000,-863894.6022449359,299.3229595357464
78000000,-863165.6022449359,301.5973481628591
78100000,-862402.8522449359,300.0111549702058
78200000,-861753.6022449359,299.1838917602306
78300000,-861578.8522449359,299.28091494512677
78400000,-863260.3522449359,301.27211536826184
78500000,-862001.6022449359,298.2954121459402
78600000,-863697.3522449359,300.49707603784475
78700000,-862081.3522449359,300.0332329721952
78800000,-862507.6022449359,299.65390045878837
78900000,-862530.3522449359,298.32166570557945
79000000,-863271.3522449359,301.4849648766296
79100000,-863596.6022449359,299.26183583407794
79200000,-863314.1022449359,300.01094525574365
79300000,-862179.8522449359,301.6792465377242
79400000,-863070.3522449359,300.03614362429374
79500000,-862080.6022449359,300.91235453134794
79600000,-862484.8522449359,299.2952047038532
79700000,-860824.6022449359,300.31755555067394
79800000,-861729.6022449359,300.7534427658021
79900000,-862613.1022449359,300.1310887217589
80000000,-862947.1022449359,299.7510702015453
80100000,-862999.1022449359,302.4401410866057
80200000,-864226.3522449359,299.27920851360835
80300000,-861577.1022449359,299.68760447551944
80400000,-862335.8522449359,302.84778591756026
80500000,-862694.6022449359,298.661860985496
80600000,-862721.8522449359,303.307378314033
80700000,-861964.1022449359,299.44451825607933
80800000,-863408.3522449359,300.7809332176075
80900000,-862940.6022449359,300.50984456952057
81000000,-862789.6022449359,298.06493301105263
81100000,-863388.6022449359,301.39577940548486
81200000,-863512.1022449359,302.08603029706114
81300000,-862945.6022449359,300.8550272013996
81400000,-862127.3522449359,300.56420891579336
81500000,-864705.3522449359,301.540303694445
81600000,-862419.6022449359,299.92706758834026
81700000,-861924.1022449359,299.140271949022
81800000,-862808.1022449359,299.1569600341127
81900000,-862668.6022449359,299.2403883835529
82000000,-861948.1022449359,300.21667370361286
82100000,-860946.8522449359,301.7965882442687
82200000,-861958.6022449359,298.4637469633561
82300000,-861817.1022449359,301.1145297955808
82400000,-863549.1022449359,300.94614356293187
82500000,-862884.6022449359,302.4129061581473
82600000,-860900.1022449359,299.595612855875
82700000,-861682.1022449359,303.1270264188174
82800000,-863805.1022449359,300.6179358874939
82900000,-862701.8522449359,298.53835055956813
83000000,-862892.6022449359,302.2744354589185
83100000,-862850.1022449359,300.38362861437275
83200000,-861972.1022449359,301.136352272663
83300000,-864028.6022449359,301.8578351679207
83400000,-862748.1022449359,299.44278785027245
83500000,-862493.1022449359,298.81242792844427
83600000,-861815.3522449359,302.2289463673027
83700000,-863323.8522449359,298.7909578976299
83800000,-860326.6022449359,300.5480625855015
83900000,-863223.6022449359,299.5097936765985
84000000,-862200.6022449359,300.3769772625534
84100000,-862451.3522449359,300.9572355510081
84200000,-862434.6022449359,300.21628776599556
84300000,-861582.3522449359,301.59813949748496
84400000,-862865.1022449359,297.1173253106951
84500000,-862233.1022449359,300.9283938305727
84600000,-862096.3522449359,299.89999003569955
84700000,-863269.8522449359,301.3798696338727
84800000,-864205.1022449359,298.5316893083711
84900000,-863272.1022449359,298.79866697093877
85000000,-862909.1022449359,300.0274609608148
85100000,-863406.8522449359,300.1251887872408
85200000,-863635.3522449359,299.8025453326604
85300000,-861023.8522449359,301.38063117321326
85400000,-861037.8522449359,300.8689881892579
85500000,-862209.1022449359,299.76251709342483
85600000,-864797.1022449359,301.03651619051516
85700000,-860843.8522449359,301.53407599517175
85800000,-862485.8522449359,299.57619993529926
85900000,-860919.6022449359,301.1084899206815
86000000,-863920.6022449359,300.66623275917146
86100000,-863556.6022449359,299.32676911957446
86200000,-863016.8522449359,298.80337579286186
86300000,-863292.1022449359,297.93119522659657
86400000,-863158.6022449359,300.2883608380757
86500000,-861006.6022449359,298.42257136654825
86600000,-862826.1022449359,300.7978436778282
86700000,-861686.6022449359,301.0200384971907
86800000,-863170.6022449359,298.6628972689739
86900000,-862686.6022449359,298.22731171836176
87000000,-863200.3522449359,300.9178383793724
87100000,-862105.6022449359,300.31171397660484
87200000,-861378.6022449359,299.27076991163983
87300000,-862556.6022449359,301.3997177458776
87400000,-862522.6022449359,300.75415022812183
87500000,-862740.1022449359,299.9743793946799
87600000,-864349.1022449359,301.6299206458493
87700000,-863548.3522449359,298.74945826966206
87800000,-863636.6022449359,299.0867736471744
87900000,-862972.1022449359,299.0754231878726
88000000,-862601.6022449359,302.552153803962
88100000,-862546.1022449359,298.5578121263125
88200000,-862219.6022449359,301.4516758994934
88300000,-862139.8522449359,303.7509029991186
88400000,-861831.3522449359,299.3223888904905
88500000,-863144.6022449359,300.0223435147372
88600000,-862394.1022449359,300.79211480222546
88700000,-862934.6022449359,297.14534519133633
88800000,-862033.3522449359,300.7374181863355
88900000,-861945.6022449359,298.4039642748475
89000000,-860979.1022449359,300.5110650518302
89100000,-861221.6022449359,298.55113486406765
89200000,-862283.1022449359,296.90340231004984
89300000,-862090.1022449359,300.513204036494
89400000,-862836.3522449359,299.8917134147892
89500000,-863437.6022449359,299.7293000048102
89600000,-861482.6022449359,299.0921360583995
89700000,-863098.6022449359,299.21530014168945
89800000,-862499.1022449359,298.72452370327824
89900000,-862973.1022449359,298.84168408303276
90000000,-862759.6022449359,299.2038158437304
90100000,-865061.1022449359,297.5350300697631
90200000,-861637.6022449359,300.94413730575917
90300000,-863453.3522449359,300.20383876182404
90400000,-865612.8522449359,299.185827098704
90500000,-863512.3522449359,300.9261266251166
90600000,-862956.3522449359,300.84329927378366
90700000,-863102.8522449359,299.09903406396506
90800000,-862624.6022449359,299.05159260008065
90900000,-863591.8522449359,298.9748476452199
91000000,-862973.1022449359,301.224305282315
91100000,-862485.3522449359,300.3131796436053
91200000,-863003.6022449359,301.81691290595717
91300000,-863729.1022449359,297.88466504513025
91400000,-861611.6022449359,299.4588145945953
91500000,-864226.6022449359,300.3672397569096
91600000,-862922.6022449359,300.2236260665009
91700000,-863004.6022449359,300.14401194621286
91800000,-863565.6022449359,300.2993074700804
91900000,-861258.1022449359,300.1317658090868
92000000,-862294.1022449359,300.5609673528797
92100000,-863381.6022449359,300.17406824316123
92200000,-863333.6022449359,301.523039077672
92300000,-863865.6022449359,300.44169200495355
92400000,-862822.3522449359,300.0302748809004
92500000,-862123.1022449359,298.5413292561946
92600000,-861559.6022449359,299.92914782413885
92700000,-862413.8522449359,301.8455963626733
92800000,-861686.8522449359,297.9820802355063
92900000,-862569.1022449359,299.2748619936902
93000000,-863982.6022449359,297.49851093616684
93100000,-861732.3522449359,300.12881019084244
93200000,-863072.3522449359,300.34074420365357
93300000,-863159.1022449359,298.3236987663006
93400000,-864226.3522449359,301.3430860391169
93500000,-862326.8522449359,299.466111216787
93600000,-862361.6022449359,299.3988495777948
93700000,-862694.6022449359,299.4419705791949
93800000,-862182.6022449359,299.61949841268085
93900000,-863438.3522449359,298.3299814918713
94000000,-861625.1022449359,300.3706397679272
94100000,-862948.6022449359,299.39333572769294
94200000,-863226.6022449359,300.25108472853935
94300000,-864048.1022449359,299.50967464487434
94400000,-860985.1022449359,300.10833206390566
94500000,-862281.3522449359,300.5661040948553
94600000,-863237.1022449359,300.39700315400705
94700000,-864246.1022449359,300.3837770863312
94800000,-862285.6022449359,299.06887427574395
94900000,-863397.1022449359,299.8998916397935
95000000,-862463.1022449359,299.94967676586214
95100000,-862615.3522449359,300.39583173939843
95200000,-861330.6022449359,301.034213904822
95300000,-862327.1022449359,300.09412091554117
95400000,-864275.8522449359,302.1823245342808
95500000,-862719.8522449359,301.24658614476795
95600000,-862802.6022449359,298.8772969596943
95700000,-862594.8522449359,298.53177741628554
95800000,-862191.1022449359,299.566753232221
95900000,-863536.1022449359,299.2797235611616
96000000,-863902.6022449359,299.1892123342263
96100000,-862085.6022449359,299.19246532734553
96200000,-862129.1022449359,299.3429851351883
96300000,-861924.6022449359,301.5919506968139
96400000,-861850.6022449359,300.5118193570307
96500000,-863943.1022449359,299.4251346059172
96600000,-861527.6022449359,301.60218048395
96700000,-865053.1022449359,301.56983294457604
96800000,-862959.6022449359,297.932004593935
96900000,-863210.3522449359,300.7516496646315
97000000,-864157.1022449359,298.5672323070492
97100000,-862440.6022449359,299.33166369528175
97200000,-862589.6022449359,299.49440731430764
97300000,-862475.8522449359,300.72917801512614
97400000,-862688.3522449359,298.91620115991014
97500000,-863450.6022449359,300.6939605205284
97600000,-862622.6022449359,299.76778644510756
97700000,-862849.6022449359,300.26107924222333
97800000,-862842.1022449359,300.0186645669514
97900000,-862503.1022449359,299.7771898405115
98000000,-863513.1022449359,300.64117932204874
98100000,-863278.1022449359,298.5307782384236
98200000,-863049.1022449359,300.5258122110968
98300000,-862115.6022449359,298.5409234994013
98400000,-861932.3522449359,300.5696059315755
98500000,-862748.8522449359,299.3911753473903
98600000,-863178.6022449359,298.5956654338424
98700000,-863189.1022449359,298.89371571632415
98800000,-861730.6022449359,301.66949817751834
98900000,-862474.8522449359,301.27744113494276
99000000,-862608.1022449359,299.48516660143326
99100000,-862046.6022449359,299.9432165888914
99200000,-863676.6022449359,301.32076499580745
99300000,-864054.1022449359,299.38784224421835
99400000,-862864.1022449359,298.70735999889985
99500000,-864100.6022449359,300.29311268483093
99600000,-861892.1022449359,301.39909402184895
99700000,-862097.3522449359,299.11461758593055
99800000,-862667.1022449359,298.91235045184976
99900000,-861855.1022449359,300.9612212852381
100000000,-864248.3522449359,300.5417525471185
Done
