/var/spool/slurmd/job23140310/slurm_script: line 9: source: /home/gridsan/jsass/.conda/envs/openmm_env: is a directory
#"Step","Potential Energy (kJ/mole)","Temperature (K)"
100000,-1015910.4813791178,300.4227516413637
200000,-1015769.9813791178,300.56634923821304
300000,-1015367.2313791178,298.3932116815358
400000,-1016321.4813791178,301.64496084147083
500000,-1015170.7313791178,298.3542556813581
600000,-1016869.2313791178,300.9850417316542
700000,-1015704.4813791178,300.17640216608515
800000,-1016354.7313791178,301.04805301437443
900000,-1015715.2313791178,298.9151202387589
1000000,-1017436.7313791178,299.74434484130387
1100000,-1017678.9813791178,299.93907802232627
1200000,-1014719.4813791178,302.924539937095
1300000,-1017155.2313791178,299.2501107118678
1400000,-1017032.2313791178,300.226693652391
1500000,-1014682.2313791178,297.93654878701545
1600000,-1016643.2313791178,298.53505347732715
1700000,-1017583.2313791178,302.1386741018244
1800000,-1016360.7313791178,301.04868523044803
1900000,-1015781.4813791178,301.99703443908055
2000000,-1015413.7313791178,298.7881645219375
2100000,-1016787.4813791178,299.5942902287563
2200000,-1017121.7313791178,300.5256169911749
2300000,-1017369.7313791178,300.12550404956716
2400000,-1016771.2313791178,297.60085077998554
2500000,-1014296.2313791178,301.0764691680151
2600000,-1016977.7313791178,300.28611668752944
2700000,-1016902.9813791178,300.6529274912296
2800000,-1015161.7313791178,300.45757068738226
2900000,-1015085.7313791178,300.8667196493267
3000000,-1017655.7313791178,298.97297282515393
3100000,-1015089.7313791178,301.05237503923667
3200000,-1016287.7313791178,300.0927582958065
3300000,-1015528.2313791178,299.6181550716157
3400000,-1017103.2313791178,299.3101565162968
3500000,-1016984.2313791178,300.7152015311974
3600000,-1017544.7313791178,297.5513333931707
3700000,-1016286.9813791178,300.9595666353739
3800000,-1016482.2313791178,297.8380458300758
3900000,-1016781.9813791178,299.49192198422185
4000000,-1015716.7313791178,301.15822867648563
4100000,-1017879.9813791178,299.9867553987635
4200000,-1016903.2313791178,299.68348620920597
4300000,-1015106.2313791178,299.16964618848345
4400000,-1018460.7313791178,298.32255933456764
4500000,-1016812.9813791178,298.2145501164842
4600000,-1017820.4813791178,302.2541731833105
4700000,-1016894.9813791178,299.15614576415186
4800000,-1017656.9813791178,301.5150668736103
4900000,-1018666.2313791178,300.3348174333876
5000000,-1014690.9813791178,300.29560878337094
5100000,-1017205.2313791178,299.673999977539
5200000,-1016101.9813791178,300.02173837383424
5300000,-1017801.4813791178,300.28345978645
5400000,-1015599.7313791178,301.52375982961036
5500000,-1015766.4813791178,297.84355017111466
5600000,-1015148.7313791178,300.19524290013715
5700000,-1015785.9813791178,299.3473419738991
5800000,-1015793.2313791178,300.8486485512955
5900000,-1015730.9813791178,300.8385681610691
6000000,-1016700.7313791178,299.96118866287213
6100000,-1016099.9813791178,297.4733417359615
6200000,-1018013.7313791178,299.807921566777
6300000,-1016709.2313791178,299.6808722199262
6400000,-1017865.4813791178,299.98089120805224
6500000,-1017240.2313791178,301.13714152776333
6600000,-1017032.2313791178,299.8971214619081
6700000,-1017146.7313791178,298.4555673884236
6800000,-1017631.9813791178,301.7774328157551
6900000,-1015636.7313791178,301.5296079839498
7000000,-1017847.2313791178,299.5210044917554
7100000,-1018260.7313791178,300.34939207470086
7200000,-1017257.7313791178,302.51815734476213
7300000,-1016387.2313791178,299.2430090865909
7400000,-1017202.9813791178,300.7622436721736
7500000,-1016392.7313791178,299.96826321876887
7600000,-1018771.7313791178,301.25968920176007
7700000,-1014788.7313791178,301.7415943753051
7800000,-1019298.7313791178,300.34090815779797
7900000,-1018304.7313791178,300.39315347671374
8000000,-1016336.9813791178,299.38368449873263
8100000,-1017747.2313791178,297.45549108017184
8200000,-1017973.9813791178,300.9051190729743
8300000,-1017049.2313791178,299.009189684318
8400000,-1016264.7313791178,301.0065599435526
8500000,-1016740.4813791178,299.9795582288184
8600000,-1017051.7313791178,300.8556219533373
8700000,-1017872.2313791178,300.2813426194056
8800000,-1016724.9813791178,297.61745177052967
8900000,-1017938.2313791178,298.54886588634326
9000000,-1015123.7313791178,300.0570046591078
9100000,-1015208.7313791178,300.7063066260682
9200000,-1016818.2313791178,301.6941619540852
9300000,-1015600.2313791178,298.87144123346764
9400000,-1015338.4813791178,298.31734023552997
9500000,-1016490.2313791178,299.78331777387507
9600000,-1017242.9813791178,300.3793679733369
9700000,-1015412.2313791178,299.19774145696334
9800000,-1017559.9813791178,299.7322117850047
9900000,-1016135.9813791178,299.6737906632058
10000000,-1017771.2313791178,300.2292236700972
10100000,-1018465.7313791178,300.05251464484974
10200000,-1017574.2313791178,299.1775631586747
10300000,-1016803.4813791178,301.4220111506536
10400000,-1016019.7313791178,299.3393498660903
10500000,-1014673.2313791178,299.24651914191844
10600000,-1016592.9813791178,302.0769014533473
10700000,-1016966.4813791178,301.76459994085207
10800000,-1016026.4813791178,297.9469555392286
10900000,-1016272.9813791178,301.8550403561203
11000000,-1017444.7313791178,300.4711954237056
11100000,-1015462.7313791178,300.01495475805683
11200000,-1015098.9813791178,301.5383751759536
11300000,-1016232.9813791178,300.80829433621875
11400000,-1018247.2313791178,300.8427773602305
11500000,-1019094.9813791178,298.66712800039426
11600000,-1013963.7313791178,299.4725329656119
11700000,-1016010.2313791178,300.03288614994455
11800000,-1015854.9813791178,299.6365761591954
11900000,-1017878.2313791178,300.90364683473484
12000000,-1016487.2313791178,302.21364048499953
12100000,-1017162.4813791178,299.7736995456179
12200000,-1016841.7313791178,301.6591967961627
12300000,-1016624.7313791178,300.2171217942148
12400000,-1017318.4813791178,298.6312645207203
12500000,-1017546.7313791178,299.4590565862085
12600000,-1016967.9813791178,299.2110415377055
12700000,-1017827.7313791178,298.3688196747995
12800000,-1016421.2313791178,300.6620253335171
12900000,-1019233.9813791178,301.0438143167303
13000000,-1015597.7313791178,299.2753556942688
13100000,-1014673.2313791178,299.4206718459303
13200000,-1017286.7313791178,298.3437156649441
13300000,-1017222.4813791178,300.8975258857034
13400000,-1016855.2313791178,301.6043642761712
13500000,-1017275.4813791178,297.8950812009753
13600000,-1017557.7313791178,301.7388433654609
13700000,-1016746.4813791178,300.35673034312555
13800000,-1016619.4813791178,299.03386158889447
13900000,-1018529.7313791178,299.11628223570887
14000000,-1016781.9813791178,302.1660133225185
14100000,-1015313.7313791178,300.1979242175334
14200000,-1016763.2313791178,299.88105426354144
14300000,-1017697.9813791178,298.92049035550997
14400000,-1015548.9813791178,297.9990256069848
14500000,-1016441.9813791178,300.92126158657595
14600000,-1017546.7313791178,298.7494361227002
14700000,-1014964.9813791178,300.52921659956064
14800000,-1014197.4813791178,298.0171313436677
14900000,-1017487.7313791178,298.4067656846543
15000000,-1017179.7313791178,300.6132549699698
15100000,-1016671.9813791178,300.94550368566763
15200000,-1015912.7313791178,299.85014535878224
15300000,-1017948.2313791178,299.97287201734576
15400000,-1017653.2313791178,300.7779649849277
15500000,-1016640.7313791178,299.66956809664305
15600000,-1017333.7313791178,298.7972215222733
15700000,-1016647.7313791178,300.8554480897794
15800000,-1017216.7313791178,301.9004921498257
15900000,-1017139.9813791178,298.8336047286604
16000000,-1014781.2313791178,301.37112450236384
16100000,-1017904.7313791178,300.69697900349973
16200000,-1017204.7313791178,299.6710938796901
16300000,-1016944.7313791178,297.1130823644035
16400000,-1016725.2313791178,298.51366217950294
16500000,-1016555.9813791178,300.1889530953602
16600000,-1015795.2313791178,299.65101324336035
16700000,-1017845.4813791178,299.9839117563877
16800000,-1016634.7313791178,298.8161376265233
16900000,-1017194.2313791178,299.25306735680147
17000000,-1016571.4813791178,300.76085628874455
17100000,-1017234.4813791178,300.4168401932001
17200000,-1019216.2313791178,300.0053853689172
17300000,-1018165.2313791178,298.85572073645164
17400000,-1016596.4813791178,302.22792470442266
17500000,-1016941.7313791178,303.83273227216966
17600000,-1017319.2313791178,303.7616036181609
17700000,-1016770.7313791178,299.4686063445685
17800000,-1017478.2313791178,301.2321286721695
17900000,-1016682.2313791178,298.44965010621667
18000000,-1015288.7313791178,297.1299326654736
18100000,-1017097.7313791178,301.3979284668889
18200000,-1017025.4813791178,300.4905936161664
18300000,-1017411.7313791178,300.78273614487733
18400000,-1017224.9813791178,299.24430764383834
18500000,-1017311.7313791178,298.7715963050875
18600000,-1017225.9813791178,300.0434424554772
18700000,-1017289.4813791178,299.46270471992756
18800000,-1017128.2313791178,299.6685119056923
18900000,-1016093.7313791178,298.2018216125673
19000000,-1017619.9813791178,301.2241460718698
19100000,-1016915.9813791178,299.8049508717685
19200000,-1016916.7313791178,300.8901450717939
19300000,-1017161.2313791178,301.61783569412626
19400000,-1017168.4813791178,301.8123353438538
19500000,-1017225.7313791178,300.17346155336895
19600000,-1016685.2313791178,299.83651064984235
19700000,-1015855.4813791178,300.04161277687905
19800000,-1018647.7313791178,298.91412402906826
19900000,-1016964.7313791178,300.1175918998685
20000000,-1017513.9813791178,299.1027239728337
20100000,-1015629.2313791178,302.63842589523983
20200000,-1016292.7313791178,300.21445119769345
20300000,-1016570.9813791178,300.8401418608544
20400000,-1018289.7313791178,301.38952737025147
20500000,-1016735.2313791178,300.93267789060764
20600000,-1017424.2313791178,300.17468664580457
20700000,-1018750.4813791178,301.4371841517643
20800000,-1016497.7313791178,299.2843097162836
20900000,-1017978.4813791178,301.116542765499
21000000,-1017030.7313791178,298.70672367060814
21100000,-1018309.9813791178,299.67489725291045
21200000,-1017287.2313791178,301.7061821030621
21300000,-1017700.9813791178,300.7221046003775
21400000,-1018690.4813791178,298.004872183443
21500000,-1017750.4813791178,299.76711418933627
21600000,-1015857.9813791178,302.4219984577737
21700000,-1017498.7313791178,299.73245206600706
21800000,-1016814.9813791178,299.9449071773259
21900000,-1017462.4813791178,298.4618680062058
22000000,-1016561.7313791178,302.0574808352603
22100000,-1015701.4813791178,300.78183079079776
22200000,-1016743.7313791178,298.5491349929196
22300000,-1018014.4813791178,301.2310793557698
22400000,-1018445.7313791178,300.13543757836993
22500000,-1018559.2313791178,300.07706094636853
22600000,-1017261.2313791178,300.55025660731576
22700000,-1016993.2313791178,299.6090241120051
22800000,-1017454.2313791178,303.7440000691624
22900000,-1018485.9813791178,301.31549498057433
23000000,-1016014.2313791178,300.80579032624485
23100000,-1014852.7313791178,300.34016855092864
23200000,-1018055.4813791178,301.3715389377012
23300000,-1016219.2313791178,300.9632629795446
23400000,-1018733.2313791178,299.5328355019856
23500000,-1017078.2313791178,301.1246262255867
23600000,-1016169.2313791178,300.9044170099959
23700000,-1015696.7313791178,299.91191803030415
23800000,-1015331.2313791178,301.71189901799306
23900000,-1017166.7313791178,301.33654244997126
24000000,-1016291.7313791178,300.0153346310032
24100000,-1019223.2313791178,300.4804856074704
24200000,-1015687.2313791178,299.6713133199954
24300000,-1015347.7313791178,301.2899825043243
24400000,-1016218.7313791178,300.836174271136
24500000,-1017516.7313791178,298.8843579675167
24600000,-1017615.2313791178,299.77296755955587
24700000,-1016372.7313791178,302.1857405343308
24800000,-1016364.9813791178,302.9355244627698
24900000,-1016071.2313791178,300.0376007429589
25000000,-1019870.2313791178,300.6830391529979
25100000,-1018079.9813791178,299.31097332199045
25200000,-1017064.2313791178,301.36539757067214
25300000,-1016182.7313791178,298.9901645370627
25400000,-1018263.7313791178,300.2862776729873
25500000,-1016055.9813791178,300.83847298344455
25600000,-1017892.7313791178,299.4434824089973
25700000,-1016730.7313791178,298.79916734730983
25800000,-1016274.4813791178,297.8188262968752
25900000,-1015873.7313791178,301.14322217638323
26000000,-1017341.4813791178,299.6414828098073
26100000,-1015416.7313791178,298.3457754138218
26200000,-1017474.7313791178,299.92539856520636
26300000,-1017959.7313791178,301.66695204442317
26400000,-1015053.7313791178,299.24278251988994
26500000,-1016515.4813791178,299.6477204456894
26600000,-1018060.7313791178,300.1654034729928
26700000,-1015271.2313791178,300.95265978065675
26800000,-1016702.2313791178,299.71960154581535
26900000,-1016804.7313791178,300.07098321188454
27000000,-1017508.7313791178,301.60630571594515
27100000,-1017333.2313791178,300.3194749851805
27200000,-1018269.2313791178,298.8317461601206
27300000,-1019029.4813791178,297.9925676068457
27400000,-1017731.7313791178,299.20900197715264
27500000,-1015040.7313791178,300.77044655652867
27600000,-1016176.7313791178,299.5036604830906
27700000,-1018159.7313791178,299.7055625592251
27800000,-1016361.2313791178,300.6758965186967
27900000,-1018282.2313791178,297.58831786753706
28000000,-1017419.4813791178,299.8817713456951
28100000,-1017335.2313791178,300.7838327560553
28200000,-1018712.9813791178,300.785184863537
28300000,-1016232.7313791178,299.75421428728833
28400000,-1017136.2313791178,299.7960894780102
28500000,-1017111.7313791178,299.4802140081916
28600000,-1015200.2313791178,299.79900309819317
28700000,-1016916.7313791178,300.59536860286835
28800000,-1018226.9813791178,300.43008662171184
28900000,-1017912.2313791178,300.25982801075577
29000000,-1016484.7313791178,299.7660248072594
29100000,-1015924.9813791178,298.8879720328022
29200000,-1016872.7313791178,300.41808346740004
29300000,-1016305.7313791178,298.75391379983813
29400000,-1017401.2313791178,300.3145561438214
29500000,-1017713.2313791178,299.80834363978374
29600000,-1015974.2313791178,301.62300007343595
29700000,-1015178.7313791178,299.69603001559756
29800000,-1016233.7313791178,298.5341925965687
29900000,-1017249.4813791178,299.04164753934157
30000000,-1016535.2313791178,300.11645398901743
30100000,-1019437.7313791178,302.0837187459816
30200000,-1017971.7313791178,300.1707014600917
30300000,-1016012.2313791178,302.40720479078135
30400000,-1015943.2313791178,300.1832631621588
30500000,-1018079.2313791178,299.17498173793075
30600000,-1016748.9813791178,300.34043189584054
30700000,-1015886.7313791178,300.4093514951328
30800000,-1017139.4813791178,300.5482950570641
30900000,-1017416.4813791178,300.93142022601984
31000000,-1017223.4813791178,298.7603350831918
31100000,-1016767.7313791178,300.2989330047366
31200000,-1016777.9813791178,301.4082283045891
31300000,-1015329.2313791178,299.94086701234824
31400000,-1017732.2313791178,299.70397230648484
31500000,-1017061.7313791178,299.8247184132646
31600000,-1017145.7313791178,301.1019050674896
31700000,-1016006.2313791178,300.82868888345837
31800000,-1016898.7313791178,298.1653150557289
31900000,-1016582.7313791178,299.3319567079006
32000000,-1019174.2313791178,299.7499951408705
32100000,-1017657.2313791178,299.40369521364636
32200000,-1016851.7313791178,298.52258650870294
32300000,-1016292.7313791178,299.32247357088755
32400000,-1016810.2313791178,298.48603412350985
32500000,-1018092.4813791178,300.45429387809276
32600000,-1016194.2313791178,301.03063053581246
32700000,-1016942.2313791178,299.6492742809479
32800000,-1016592.9813791178,300.74525466889776
32900000,-1016592.9813791178,298.7009275662868
33000000,-1016591.7313791178,300.81271116914905
33100000,-1018287.7313791178,298.0051196870205
33200000,-1017018.7313791178,298.11326048549665
33300000,-1015572.7313791178,301.41587897404617
33400000,-1017817.2313791178,298.6352223549313
33500000,-1016966.2313791178,298.96712320902594
33600000,-1017276.7313791178,301.1790378399563
33700000,-1016553.4813791178,300.77205808950526
33800000,-1015824.7313791178,301.54097059738683
33900000,-1019549.4813791178,300.78115040648
34000000,-1017251.2313791178,299.5842456345041
34100000,-1018260.2313791178,298.72497859132665
34200000,-1016493.2313791178,298.60615086694054
34300000,-1016473.2313791178,298.8131976019166
34400000,-1016033.7313791178,300.36902275717574
34500000,-1016354.2313791178,301.5952627626723
34600000,-1017026.9813791178,300.7392148624279
34700000,-1017506.7313791178,300.9519234799469
34800000,-1017384.2313791178,299.2442469732134
34900000,-1017631.9813791178,298.63441266611136
35000000,-1017068.7313791178,301.53887458146403
35100000,-1017430.2313791178,300.12619640551384
35200000,-1017022.7313791178,299.7270073240385
35300000,-1018142.2313791178,301.0131907403638
35400000,-1017503.4813791178,301.250087780064
35500000,-1017389.2313791178,299.36459325764054
35600000,-1016613.7313791178,299.59077817455176
35700000,-1018204.2313791178,299.8128771927279
35800000,-1017527.2313791178,301.1268098130891
35900000,-1016467.7313791178,299.8575272418261
36000000,-1016787.7313791178,301.01142365398204
36100000,-1018839.7313791178,300.45591720082484
36200000,-1017936.2313791178,300.1359790771434
36300000,-1016380.7313791178,301.4742696809678
36400000,-1016331.7313791178,298.92913717413626
36500000,-1015458.9813791178,299.5144277334547
36600000,-1016541.7313791178,297.92940375256256
36700000,-1017489.9813791178,299.96287367851573
36800000,-1017131.7313791178,298.89262043695464
36900000,-1015728.7313791178,300.9861915092273
37000000,-1016801.7313791178,301.4171871721166
37100000,-1016756.2313791178,299.86803405015536
37200000,-1017502.7313791178,300.2708403900133
37300000,-1016289.7313791178,300.253625202304
37400000,-1016701.4813791178,300.51478000598325
37500000,-1016063.7313791178,300.3769483805941
37600000,-1017768.7313791178,298.57732950085267
37700000,-1016017.9813791178,301.94780127050484
37800000,-1016846.4813791178,300.6529380614005
37900000,-1017760.7313791178,300.4389208498032
38000000,-1016582.7313791178,301.1191729116492
38100000,-1017922.2313791178,298.9277925509099
38200000,-1017475.2313791178,299.2454279732945
38300000,-1018257.9813791178,298.83193090336977
38400000,-1017409.9813791178,300.77588582397703
38500000,-1016595.7313791178,299.7989520177207
38600000,-1015621.7313791178,298.5829822386411
38700000,-1017076.9813791178,301.52415414419147
38800000,-1015745.4813791178,301.11667535136075
38900000,-1015494.7313791178,299.5676548556957
39000000,-1017615.7313791178,299.09593805435856
39100000,-1017959.7313791178,300.8008629310827
39200000,-1015945.7313791178,299.57019783986976
39300000,-1016589.2313791178,299.32488691119346
39400000,-1016963.2313791178,301.7295966092869
39500000,-1017600.2313791178,300.50116107515913
39600000,-1017159.4813791178,300.14733526464306
39700000,-1017141.7313791178,299.9107287849882
39800000,-1016103.2313791178,300.2324017846719
39900000,-1016751.9813791178,300.15211703138544
40000000,-1017375.7313791178,299.90640754375517
40100000,-1016932.7313791178,301.96157321983407
40200000,-1016786.4813791178,299.9717834750538
40300000,-1016406.2313791178,300.53807231034614
40400000,-1018641.7313791178,302.53859352832933
40500000,-1017710.2313791178,298.63804797069685
40600000,-1018119.2313791178,298.2596069090268
40700000,-1015240.2313791178,298.73410835780635
40800000,-1014565.4813791178,300.1010684328695
40900000,-1015729.2313791178,300.5445903784798
41000000,-1017495.7313791178,298.67752083292766
41100000,-1019940.7313791178,299.72681994674457
41200000,-1018012.2313791178,299.93938266374965
41300000,-1017924.7313791178,301.3676921277325
41400000,-1016920.2313791178,299.99080452448254
41500000,-1017715.9813791178,299.99628798802956
41600000,-1016608.7313791178,300.5341678121631
41700000,-1016691.2313791178,300.2010993362542
41800000,-1017341.7313791178,300.34169784037704
41900000,-1017476.7313791178,301.32893112914957
42000000,-1018585.7313791178,298.55105265211813
42100000,-1017659.7313791178,300.5193709494533
42200000,-1018933.9813791178,299.1970266219432
42300000,-1016494.2313791178,298.29980365226663
42400000,-1014587.7313791178,297.0954492250056
42500000,-1016994.4813791178,301.0368257238274
42600000,-1017252.7313791178,300.4196703858339
42700000,-1016119.2313791178,299.1032259919977
42800000,-1016892.4813791178,299.3348564548505
42900000,-1017158.2313791178,299.9967140622923
43000000,-1017116.4813791178,299.8978641278963
43100000,-1016922.2313791178,302.1635158381188
43200000,-1017460.2313791178,300.2389451647048
43300000,-1015965.7313791178,302.54007531802625
43400000,-1016134.9813791178,297.865951466902
43500000,-1018066.4813791178,299.68761077209587
43600000,-1017085.9813791178,299.4507261595227
43700000,-1017003.2313791178,301.65596837965296
43800000,-1016501.9813791178,300.75446207986835
43900000,-1016626.9813791178,299.8057653596145
44000000,-1016455.4813791178,299.4661310845399
44100000,-1017018.2313791178,299.89674711776365
44200000,-1018394.2313791178,299.12228499806895
44300000,-1017087.9813791178,300.6422505022149
44400000,-1017166.2313791178,300.9201131986496
44500000,-1018504.9813791178,297.0741131638688
44600000,-1018690.2313791178,301.9506137747834
44700000,-1016480.4813791178,299.2029561095845
44800000,-1017919.7313791178,299.9372082289275
44900000,-1018501.4813791178,299.9675725117791
45000000,-1017137.7313791178,301.12058505603625
45100000,-1018064.7313791178,299.52589846076063
45200000,-1019325.7313791178,302.31217031431834
45300000,-1018429.7313791178,299.3865850535483
45400000,-1016945.2313791178,297.20041600531476
45500000,-1018601.7313791178,298.5441927896377
45600000,-1018114.2313791178,302.03921761176366
45700000,-1018146.7313791178,301.4132602609573
45800000,-1017440.2313791178,300.894235695069
45900000,-1017719.2313791178,301.1759889554536
46000000,-1015684.4813791178,301.3323631988467
46100000,-1016629.9813791178,299.3527761324382
46200000,-1014943.7313791178,299.71210948694704
46300000,-1018149.2313791178,299.3062952906349
46400000,-1017243.2313791178,301.1802223593087
46500000,-1016892.7313791178,299.7590918789727
46600000,-1018279.2313791178,302.0174411816847
46700000,-1017268.2313791178,302.1400878009556
46800000,-1016565.2313791178,298.7999382513501
46900000,-1018879.2313791178,300.5317387282599
47000000,-1017824.2313791178,298.63983874896826
47100000,-1015950.9813791178,300.0974163597037
47200000,-1018130.7313791178,300.3678838333799
47300000,-1015303.4813791178,298.31954775231236
47400000,-1016696.2313791178,300.40671405798906
47500000,-1017203.2313791178,300.7368124602524
47600000,-1017287.2313791178,301.85286460943826
47700000,-1018063.2313791178,301.9341904175498
47800000,-1017442.7313791178,301.2765104384115
47900000,-1015364.9813791178,299.37966895906146
48000000,-1018805.4813791178,299.5095752021258
48100000,-1016777.7313791178,300.76323172042277
48200000,-1015900.7313791178,299.326770442362
48300000,-1016863.9813791178,301.03448874598257
48400000,-1017492.2313791178,303.25441742785694
48500000,-1018210.7313791178,298.9546113173977
48600000,-1017201.7313791178,302.0370823623198
48700000,-1016750.2313791178,298.7559848227898
48800000,-1018798.4813791178,300.1176351433416
48900000,-1018445.9813791178,299.21844645484913
49000000,-1016125.2313791178,300.12337743459716
49100000,-1016696.9813791178,299.346102843545
49200000,-1016772.9813791178,299.4085409379435
49300000,-1015781.7313791178,300.5598374775685
49400000,-1016897.4813791178,300.7357284476568
49500000,-1016826.7313791178,299.5620401358219
49600000,-1017832.9813791178,299.87796772927896
49700000,-1016206.9813791178,300.81026422855695
49800000,-1018563.4813791178,301.4963255815227
49900000,-1014623.2313791178,299.9546887795341
50000000,-1016910.2313791178,300.1870156611701
50100000,-1017517.2313791178,300.71084134792073
50200000,-1018952.2313791178,298.5956893461896
50300000,-1018014.7313791178,301.5697451348257
50400000,-1018647.9813791178,301.35409212824965
50500000,-1016552.2313791178,301.82166672938246
50600000,-1016857.7313791178,301.3575048567047
50700000,-1016991.7313791178,297.91684772045204
50800000,-1015813.2313791178,299.8818092900773
50900000,-1017880.2313791178,299.22191425081525
51000000,-1014731.7313791178,298.38857463491513
51100000,-1015926.9813791178,300.74243514070685
51200000,-1014950.7313791178,301.0004479248326
51300000,-1016596.4813791178,299.7695200149464
51400000,-1017229.9813791178,301.510067497741
51500000,-1018176.2313791178,300.9027334382698
51600000,-1015777.4813791178,298.74178139137643
51700000,-1016080.7313791178,300.9112547924967
51800000,-1015354.4813791178,299.522304157004
51900000,-1017690.2313791178,301.1936498003377
52000000,-1016609.2313791178,299.3245261773555
52100000,-1017987.7313791178,299.73539870978834
52200000,-1017949.9813791178,299.77922821749456
52300000,-1016456.2313791178,300.274462044625
52400000,-1018917.9813791178,300.74808835620485
52500000,-1018157.7313791178,301.04880890268697
52600000,-1016850.7313791178,300.27595658933785
52700000,-1016961.2313791178,299.0438422633147
52800000,-1016469.9813791178,300.701315377938
52900000,-1016549.9813791178,300.6493878747219
53000000,-1015711.2313791178,301.10475556189346
53100000,-1017596.2313791178,299.85363404865075
53200000,-1018331.7313791178,300.29016482020734
53300000,-1016796.2313791178,300.51808301890514
53400000,-1016864.7313791178,299.6715844687749
53500000,-1015422.4813791178,299.1275947954988
53600000,-1017378.7313791178,299.7291876583282
53700000,-1017279.7313791178,298.7335648321952
53800000,-1017517.9813791178,299.90322064320026
53900000,-1017487.2313791178,301.63433236294514
54000000,-1017491.4813791178,300.71428272026594
54100000,-1016925.7313791178,300.02375556574367
54200000,-1017491.7313791178,300.5199519768985
54300000,-1018093.2313791178,299.86890852758467
54400000,-1016026.9813791178,301.03219532078685
54500000,-1018891.2313791178,299.9897500353122
54600000,-1016784.9813791178,300.86395724227856
54700000,-1016597.2313791178,300.3298277390772
54800000,-1015557.2313791178,299.46661973901655
54900000,-1016200.2313791178,299.6463935025359
55000000,-1017234.2313791178,298.13196548601354
55100000,-1016602.7313791178,300.30030237709866
55200000,-1017063.9813791178,301.12199792805063
55300000,-1016960.2313791178,298.5969332752463
55400000,-1015918.9813791178,301.148327908166
55500000,-1015452.4813791178,300.6025200718055
55600000,-1017283.2313791178,299.2255789946636
55700000,-1016660.7313791178,300.25732234321424
55800000,-1016401.2313791178,300.6317092794716
55900000,-1016049.2313791178,299.4668159980354
56000000,-1019257.7313791178,300.627267611841
56100000,-1015736.7313791178,298.74387356934784
56200000,-1017967.2313791178,301.2564696346608
56300000,-1016533.2313791178,300.28048927778235
56400000,-1017098.7313791178,299.6636206508797
56500000,-1018320.7313791178,302.4818609728701
56600000,-1019282.4813791178,298.47455332322903
56700000,-1018728.2313791178,302.83800985828964
56800000,-1016279.7313791178,300.55383500562425
56900000,-1017949.7313791178,300.0692766561394
57000000,-1015983.9813791178,300.2649875862471
57100000,-1015854.7313791178,300.5552585161629
57200000,-1017624.7313791178,298.8749928927512
57300000,-1017339.7313791178,299.81162104098905
57400000,-1015679.2313791178,299.59046446654133
57500000,-1019383.7313791178,300.5349863193685
57600000,-1016998.2313791178,299.5225136128861
57700000,-1019724.4813791178,301.4630928805075
57800000,-1017143.7313791178,299.81484001124693
57900000,-1015835.7313791178,302.1952061093122
58000000,-1017355.9813791178,299.48497247890185
58100000,-1017168.7313791178,300.60303051476694
58200000,-1017540.4813791178,301.04027074858993
58300000,-1015816.2313791178,300.6896424802325
58400000,-1017431.2313791178,300.2701707433216
58500000,-1017228.7313791178,298.65106951590946
58600000,-1017248.2313791178,299.0356860219438
58700000,-1015922.2313791178,300.6433109169381
58800000,-1018666.7313791178,298.4794079910754
58900000,-1018323.9813791178,300.8570757603763
59000000,-1016983.7313791178,300.99048818501444
59100000,-1018109.7313791178,300.01341347380554
59200000,-1017362.2313791178,298.8248778825302
59300000,-1016571.2313791178,301.1245312058227
59400000,-1017601.7313791178,299.9413643029961
59500000,-1016498.9813791178,299.8548545948593
59600000,-1017196.4813791178,300.36603080586997
59700000,-1017731.7313791178,301.72009629928374
59800000,-1017241.7313791178,298.545960268419
59900000,-1017077.7313791178,299.8453157878845
60000000,-1017580.7313791178,301.466586518419
60100000,-1016084.2313791178,299.1865900145007
60200000,-1016296.9813791178,300.2484557340493
60300000,-1018606.7313791178,299.88962288135707
60400000,-1016161.2313791178,301.5605695645492
60500000,-1016920.2313791178,299.75694395453843
60600000,-1017165.7313791178,299.86344748286655
60700000,-1016641.4813791178,300.78439714994954
60800000,-1018277.2313791178,299.8819580588736
60900000,-1018110.7313791178,299.6587712899652
61000000,-1016119.2313791178,301.59585775556155
61100000,-1016776.7313791178,300.7686129036685
61200000,-1016377.2313791178,300.2737320750261
61300000,-1017119.2313791178,301.35093034853423
61400000,-1017434.9813791178,300.0312318740801
61500000,-1016202.4813791178,298.80339767335147
61600000,-1016961.7313791178,299.3226776118662
61700000,-1017895.7313791178,299.32736172140267
61800000,-1016967.2313791178,298.2556048144083
61900000,-1015671.7313791178,299.3256387316692
62000000,-1015228.7313791178,300.2255425718008
62100000,-1014300.7313791178,299.5794737911981
62200000,-1015914.9813791178,301.06471680540477
62300000,-1017704.7313791178,302.4876290703568
62400000,-1017791.2313791178,301.3416252280431
62500000,-1017463.7313791178,300.79868944859993
62600000,-1016655.9813791178,299.77174693327584
62700000,-1017204.7313791178,299.28832324597994
62800000,-1017338.7313791178,301.126145609455
62900000,-1018026.4813791178,300.4574671881498
63000000,-1015972.2313791178,299.77592309241254
63100000,-1017813.9813791178,300.58843602526
63200000,-1018262.7313791178,299.401112482402
63300000,-1016660.2313791178,302.1774677610651
63400000,-1018507.2313791178,301.36748253733606
63500000,-1017756.7313791178,299.0407996604463
63600000,-1016656.7313791178,298.3678509521154
63700000,-1017705.2313791178,301.17948379399866
63800000,-1017078.2313791178,301.98076417517274
63900000,-1016134.2313791178,301.02716458051975
64000000,-1017327.9813791178,298.8683263029055
64100000,-1015681.2313791178,299.7215055416281
64200000,-1019152.7313791178,299.9170859909661
64300000,-1018446.4813791178,299.9389499827261
64400000,-1018533.9813791178,300.107313569521
64500000,-1017827.9813791178,301.0417155662306
64600000,-1016102.9813791178,298.28556311599885
64700000,-1017541.2313791178,299.83553380532584
64800000,-1018587.7313791178,300.0598795224745
64900000,-1018208.9813791178,301.3479166690506
65000000,-1018013.2313791178,300.60303600365444
65100000,-1018052.2313791178,298.7958406102126
65200000,-1016936.2313791178,300.5885939376859
65300000,-1019141.2313791178,296.8782233229587
65400000,-1018118.7313791178,300.4861060521387
65500000,-1017291.2313791178,298.1334055519738
65600000,-1015631.9813791178,300.7584610361225
65700000,-1014850.9813791178,297.6124630277249
65800000,-1017501.9813791178,299.7421897567993
65900000,-1016516.2313791178,300.25949889931763
66000000,-1016976.2313791178,298.8684076277708
66100000,-1017406.7313791178,301.5035051042592
66200000,-1017113.7313791178,298.69069297266424
66300000,-1017566.7313791178,300.2454166514372
66400000,-1017840.2313791178,300.68522402234856
66500000,-1017168.7313791178,299.05922467134474
66600000,-1018051.7313791178,298.040391872456
66700000,-1015948.7313791178,298.4682846979416
66800000,-1017054.7313791178,301.89757845600224
66900000,-1016694.2313791178,298.9873602393752
67000000,-1016408.7313791178,300.48538269450376
67100000,-1017931.7313791178,299.60865707508975
67200000,-1017318.2313791178,298.9449681783545
67300000,-1016837.7313791178,301.7572028306587
67400000,-1016492.7313791178,303.339656821255
67500000,-1017045.2313791178,300.7269927275343
67600000,-1015691.2313791178,299.7724485040045
67700000,-1015909.2313791178,299.9948286664258
67800000,-1017868.2313791178,300.67796290164387
67900000,-1017185.2313791178,299.52614397405154
68000000,-1016387.2313791178,299.6335224065196
68100000,-1018186.7313791178,299.16769697553303
68200000,-1018202.2313791178,301.1847548789239
68300000,-1015649.4813791178,302.08790815562304
68400000,-1015148.2313791178,301.40640481743594
68500000,-1015850.7313791178,296.0057025602963
68600000,-1017714.2313791178,298.8740112985143
68700000,-1017087.2313791178,300.02432559076334
68800000,-1015897.2313791178,298.3603120651389
68900000,-1017940.4813791178,301.4014243285052
69000000,-1016546.4813791178,301.0166075534481
69100000,-1016207.4813791178,299.9394754663556
69200000,-1017069.7313791178,300.2769945486348
69300000,-1015749.9813791178,300.9198559134865
69400000,-1018603.7313791178,300.03423396506105
69500000,-1017536.2313791178,300.29352611393074
69600000,-1018398.7313791178,298.370457641857
69700000,-1017055.7313791178,298.9709892466787
69800000,-1016799.2313791178,300.4502953035514
69900000,-1018238.2313791178,300.10946719807146
70000000,-1017622.9813791178,300.7074175044558
70100000,-1017974.2313791178,299.9019404363762
70200000,-1018608.2313791178,299.69257170512054
70300000,-1017883.9813791178,302.18995163282574
70400000,-1018954.7313791178,298.63097532259616
70500000,-1017925.7313791178,299.82827305810093
70600000,-1015831.2313791178,299.8889676417064
70700000,-1016189.7313791178,298.84276551579075
70800000,-1018286.2313791178,298.26436548983213
70900000,-1016753.2313791178,298.47651867690814
71000000,-1016455.2313791178,299.7146118011916
71100000,-1016044.2313791178,299.79924305428733
71200000,-1019339.4813791178,299.69785696111376
71300000,-1016436.9813791178,300.78449680264924
71400000,-1016952.4813791178,299.9880058889263
71500000,-1017054.7313791178,301.515128298397
71600000,-1016381.9813791178,299.33867517354577
71700000,-1018143.7313791178,298.8321008084592
71800000,-1018293.7313791178,297.6566079962736
71900000,-1016015.9813791178,299.7415335467686
72000000,-1016998.7313791178,299.2706833602227
72100000,-1017886.7313791178,298.80396489457166
72200000,-1015363.7313791178,299.1559868152763
72300000,-1015989.7313791178,299.3327641469977
72400000,-1015679.9813791178,299.39272014853526
72500000,-1018070.2313791178,301.48141921300765
72600000,-1016130.2313791178,299.5057772373086
72700000,-1016392.4813791178,300.5770009942933
72800000,-1016947.4813791178,302.28214014779405
72900000,-1018796.7313791178,300.96350525523724
73000000,-1017183.7313791178,300.40933061412045
73100000,-1017254.2313791178,300.7542560917266
73200000,-1016787.7313791178,301.9661149412104
73300000,-1016865.7313791178,298.4107888009748
73400000,-1016571.9813791178,301.13503452426534
73500000,-1019065.2313791178,300.6979452617825
73600000,-1016746.2313791178,300.0958238808397
73700000,-1015552.2313791178,300.4980308899569
73800000,-1016929.4813791178,300.12807359025186
73900000,-1016401.4813791178,301.12221286391735
74000000,-1016863.2313791178,299.85506289710645
74100000,-1018732.9813791178,300.7145940396499
74200000,-1017696.7313791178,298.46008359869546
74300000,-1015277.2313791178,299.28725681459906
74400000,-1017859.7313791178,297.27028810353755
74500000,-1015968.7313791178,301.31380918343984
74600000,-1016816.2313791178,300.2152679519477
74700000,-1017904.2313791178,300.23374290961186
74800000,-1016100.9813791178,298.5247792375223
74900000,-1019050.2313791178,300.4056745345935
75000000,-1016520.4813791178,298.8605841612254
75100000,-1016007.2313791178,299.4034145636012
75200000,-1017450.2313791178,301.44921455499036
75300000,-1018537.4813791178,301.46274204089275
75400000,-1016279.7313791178,300.96188098779504
75500000,-1016435.7313791178,298.7424658951027
75600000,-1017725.7313791178,301.54573116697946
75700000,-1018089.2313791178,300.5500851391031
75800000,-1018388.9813791178,301.743447973424
75900000,-1016101.7313791178,301.0765690666744
76000000,-1017498.2313791178,298.7761983598426
76100000,-1015430.2313791178,300.1190715831096
76200000,-1017417.9813791178,297.9889362574049
76300000,-1015386.7313791178,301.05567419762224
76400000,-1017563.7313791178,301.7797240637047
76500000,-1017286.9813791178,300.9840562460045
76600000,-1016820.4813791178,300.8614723396985
76700000,-1018903.2313791178,298.4005163376238
76800000,-1017369.9813791178,298.8761967014661
76900000,-1018634.7313791178,299.6262691262734
77000000,-1018379.2313791178,299.4760473205709
77100000,-1017757.2313791178,302.3174079234424
77200000,-1018701.7313791178,298.46064970270476
77300000,-1016223.2313791178,300.5703651258672
77400000,-1016234.9813791178,299.3144359328108
77500000,-1017071.7313791178,299.79578191564457
77600000,-1016919.7313791178,300.5025050135149
77700000,-1018479.2313791178,300.565867709419
77800000,-1018002.2313791178,300.9410577881639
77900000,-1017045.9813791178,299.5349836716008
78000000,-1018561.4813791178,299.35042121156164
78100000,-1018279.7313791178,298.8116124580649
78200000,-1017471.9813791178,297.8265168689542
78300000,-1017583.7313791178,301.4133714225777
78400000,-1016130.7313791178,300.71334095694675
78500000,-1016255.7313791178,299.8320923964447
78600000,-1017015.4813791178,299.4647028973037
78700000,-1017764.7313791178,300.57103746835264
78800000,-1018256.7313791178,299.2247521012441
78900000,-1019255.2313791178,299.4937624164939
79000000,-1016900.4813791178,298.8518970117498
79100000,-1015736.2313791178,300.3016977661241
79200000,-1018696.4813791178,299.167036076308
79300000,-1017313.4813791178,300.63956985908624
79400000,-1018516.4813791178,299.9720282167027
79500000,-1018431.7313791178,302.5359132515831
79600000,-1018369.2313791178,304.02564839366187
79700000,-1017810.2313791178,299.4585051335704
79800000,-1017777.4813791178,299.4185627377821
79900000,-1017521.2313791178,299.2051523931182
80000000,-1018336.7313791178,300.967461785623
80100000,-1016257.4813791178,299.40912127903175
80200000,-1017756.4813791178,300.08570782484264
80300000,-1018484.2313791178,298.60308717662735
80400000,-1017118.9813791178,299.9490779920251
80500000,-1017592.4813791178,301.33108089728125
80600000,-1017016.4813791178,300.4335769073375
80700000,-1015550.9813791178,299.46382581417316
80800000,-1016767.4813791178,298.0006833133544
80900000,-1016842.7313791178,300.9476037017545
81000000,-1017159.9813791178,298.7260996734616
81100000,-1017622.7313791178,299.7384377335549
81200000,-1014063.2313791178,302.2825931747096
81300000,-1017027.9813791178,300.57350397844465
81400000,-1016435.4813791178,302.2345385044429
81500000,-1016932.4813791178,297.60951154454415
81600000,-1018178.2313791178,302.56164281986
81700000,-1017610.9813791178,298.97937415562234
81800000,-1017481.7313791178,301.21084551067554
81900000,-1017634.2313791178,301.0574191367705
82000000,-1017841.7313791178,300.3887690636231
82100000,-1017831.4813791178,298.1775272861907
82200000,-1017415.9813791178,301.1607765518437
82300000,-1016942.7313791178,299.0002883710884
82400000,-1017950.2313791178,301.1730043836451
82500000,-1016013.2313791178,300.6110116510077
82600000,-1017631.2313791178,300.4174821339001
82700000,-1015052.9813791178,300.7322867593877
82800000,-1017562.4813791178,300.84757238783254
82900000,-1017620.2313791178,298.71718688442184
83000000,-1016524.7313791178,299.2547293733233
83100000,-1019023.2313791178,301.3349419907292
83200000,-1017717.2313791178,298.96076373911944
83300000,-1018168.7313791178,300.830609856821
83400000,-1016333.4813791178,299.93926011516857
83500000,-1018132.2313791178,299.4480335502973
83600000,-1017942.7313791178,301.92208807969337
83700000,-1017794.2313791178,300.6943136563253
83800000,-1016524.9813791178,304.6352518617578
83900000,-1016295.2313791178,298.45201741278794
84000000,-1017130.2313791178,299.2000662988851
84100000,-1016498.2313791178,298.8977178904176
84200000,-1017926.9813791178,298.5867566500219
84300000,-1017683.2313791178,301.5167927403128
84400000,-1018282.4813791178,301.02919873984445
84500000,-1016701.9813791178,301.4294587148018
84600000,-1018685.7313791178,301.2451888611918
84700000,-1018410.2313791178,301.42491365124323
84800000,-1017929.7313791178,301.8292259159347
84900000,-1017004.7313791178,299.0796755094118
85000000,-1017419.7313791178,302.6915028044494
85100000,-1016333.2313791178,301.5146011207865
85200000,-1016703.4813791178,298.9193293360008
85300000,-1018204.2313791178,301.8161861072505
85400000,-1013910.2313791178,300.602082975202
85500000,-1016572.4813791178,299.18437605693003
85600000,-1017163.7313791178,298.82165530935
85700000,-1017188.7313791178,302.2900042176434
85800000,-1016642.2313791178,298.19957106067426
85900000,-1015804.7313791178,301.29915855447734
86000000,-1017458.2313791178,301.99074111293714
86100000,-1015698.7313791178,299.6670963748097
86200000,-1019220.2313791178,299.75972069267107
86300000,-1017061.2313791178,301.5950794595558
86400000,-1016690.2313791178,300.1598157863996
86500000,-1018410.7313791178,300.65029113094283
86600000,-1017535.7313791178,300.0371036062409
86700000,-1018437.7313791178,300.81399060486353
86800000,-1016695.9813791178,299.85176676486367
86900000,-1017534.7313791178,301.05306503064566
87000000,-1018620.7313791178,299.18947548597305
87100000,-1019212.2313791178,299.2970391565121
87200000,-1018500.7313791178,298.69441833547694
87300000,-1018155.7313791178,300.8137244391123
87400000,-1017961.2313791178,298.2109707604291
87500000,-1016870.2313791178,299.36388623666244
87600000,-1016823.4813791178,300.3990453501841
87700000,-1018542.2313791178,300.7279389203828
87800000,-1015926.4813791178,300.18689650787235
87900000,-1015915.2313791178,300.049079153719
88000000,-1017667.9813791178,299.976471542479
88100000,-1017211.4813791178,299.811091010787
88200000,-1017391.2313791178,298.77492374948696
88300000,-1015445.2313791178,299.66962702849565
88400000,-1016409.2313791178,301.13087501482636
88500000,-1016507.7313791178,301.77387117095566
88600000,-1016162.4813791178,299.57040986273176
88700000,-1017389.7313791178,300.67272814373445
88800000,-1017086.7313791178,300.1040715762803
88900000,-1016510.2313791178,299.7085176145018
89000000,-1017132.7313791178,300.88417087338183
89100000,-1015706.9813791178,300.0577036245968
89200000,-1017067.2313791178,299.85646379950407
89300000,-1017528.4813791178,300.9064073771563
89400000,-1015932.7313791178,300.46392616324965
89500000,-1014881.7313791178,301.3612147572916
89600000,-1015537.9813791178,299.9509245365277
89700000,-1016029.7313791178,301.0231191967172
89800000,-1016690.7313791178,301.5867266648561
89900000,-1014982.9813791178,299.037254313446
90000000,-1018961.7313791178,302.22689575985976
90100000,-1016487.7313791178,298.57058630456686
90200000,-1018491.7313791178,298.75035367930747
90300000,-1018464.2313791178,298.4015692708716
90400000,-1016220.4813791178,299.91943010340486
90500000,-1015941.7313791178,301.89818165956046
90600000,-1015391.4813791178,299.2796486895546
90700000,-1018082.7313791178,300.966133897416
90800000,-1016911.9813791178,303.08539500415014
90900000,-1016259.2313791178,299.7461454156107
91000000,-1015750.2313791178,299.12650924008176
91100000,-1017641.4813791178,301.0813933949998
91200000,-1016960.4813791178,297.6671139673986
91300000,-1016031.9813791178,301.32717708699164
91400000,-1016550.2313791178,300.7638426313043
91500000,-1018138.7313791178,298.5511410702973
91600000,-1016452.9813791178,298.92135984570217
91700000,-1017086.2313791178,300.6847051468945
91800000,-1017225.2313791178,300.92923281106386
91900000,-1016648.4813791178,300.6819235209154
92000000,-1019573.2313791178,301.3329875570977
92100000,-1016709.2313791178,300.49404839144603
92200000,-1017179.2313791178,301.13014000334755
92300000,-1019609.2313791178,300.8328850760248
92400000,-1017630.2313791178,299.5978143175636
92500000,-1017472.2313791178,300.51379078903005
92600000,-1017968.7313791178,300.2394510389821
92700000,-1018045.7313791178,300.9962188688657
92800000,-1015412.7313791178,299.1990965004825
92900000,-1017191.4813791178,300.89384292682945
93000000,-1017909.2313791178,301.02277339135674
93100000,-1019091.7313791178,299.78083253163703
93200000,-1017392.7313791178,299.0574245701656
93300000,-1017070.4813791178,300.2432914674038
93400000,-1017790.9813791178,298.8273597236606
93500000,-1015856.4813791178,299.50456161549
93600000,-1015768.9813791178,298.8686324150322
93700000,-1016272.9813791178,300.3941722295024
93800000,-1016920.2313791178,300.37197644655197
93900000,-1015849.4813791178,299.3964355035163
94000000,-1016429.4813791178,298.85304119804283
94100000,-1017734.2313791178,298.7482251705072
94200000,-1015079.7313791178,297.84457628307234
94300000,-1018089.7313791178,300.0119391377951
94400000,-1017085.4813791178,302.0066867236266
94500000,-1017489.9813791178,300.88784089155894
94600000,-1017238.9813791178,298.61787886346025
94700000,-1016274.2313791178,300.7620955088032
94800000,-1016929.7313791178,300.61810325523345
94900000,-1016678.2313791178,297.48590931990447
95000000,-1017167.2313791178,300.64859470202447
95100000,-1016515.2313791178,298.21092440003196
95200000,-1016977.7313791178,300.258866164167
95300000,-1017850.7313791178,299.9733033340993
95400000,-1016367.2313791178,301.4982817625085
95500000,-1015958.9813791178,300.49000316472683
95600000,-1018392.9813791178,298.6144058294363
95700000,-1016752.4813791178,298.78690561867194
95800000,-1016602.9813791178,300.2032388764467
95900000,-1017402.7313791178,299.579673334557
96000000,-1017049.2313791178,300.3703429814362
96100000,-1017753.7313791178,300.49141572150586
96200000,-1016555.2313791178,300.3393113679539
96300000,-1016079.7313791178,299.03832650824154
96400000,-1017870.4813791178,299.35040184631225
96500000,-1016736.7313791178,300.6288718596156
96600000,-1016825.7313791178,300.5822085406681
96700000,-1016880.2313791178,299.8703828231712
96800000,-1019585.7313791178,298.6867524698799
96900000,-1018018.4813791178,297.7362620053358
97000000,-1018882.2313791178,298.9708945566653
97100000,-1016979.7313791178,299.8602087087549
97200000,-1018100.7313791178,299.91502483414416
97300000,-1018973.7313791178,301.76318281443423
97400000,-1017873.7313791178,300.0063336740378
97500000,-1017301.4813791178,299.5830347464202
97600000,-1017924.2313791178,299.2209550000606
97700000,-1016702.2313791178,298.98881246114064
97800000,-1017962.9813791178,298.65340742855756
97900000,-1017275.7313791178,301.0891974462751
98000000,-1016768.2313791178,298.815591295158
98100000,-1018443.7313791178,303.18132020873884
98200000,-1018793.7313791178,300.7144141621369
98300000,-1017405.7313791178,300.10745373173796
98400000,-1018272.2313791178,301.1769818587772
98500000,-1017669.9813791178,299.32056446623903
98600000,-1017897.7313791178,300.45950379624344
98700000,-1017073.7313791178,299.738723586368
98800000,-1018306.2313791178,298.7828383799287
98900000,-1018508.7313791178,298.338048576953
99000000,-1017282.4813791178,300.7054772241445
99100000,-1014630.9813791178,299.69670055492895
99200000,-1017613.7313791178,299.46011379590027
99300000,-1017938.9813791178,299.91442146133767
99400000,-1017629.2313791178,301.3863174396435
99500000,-1016745.2313791178,298.61736809870104
99600000,-1018004.4813791178,299.3046818477018
99700000,-1017130.2313791178,298.8580203534005
99800000,-1018009.9813791178,299.0994539256824
99900000,-1017151.2313791178,299.41997616470695
100000000,-1016339.2313791178,301.4073399429937
Done
